src/htmlelements.pp=namespaced/Xml.HtmlElements.pp
{s*:src/}=namespaced/
{i+:src/}
src/xmliconv_windows.pas=namespaced/Xml.Windows.IConv.pas
src/xmlreader.pp=namespaced/Xml.Reader.pp
src/sax_xml.pp=namespaced/Xml.SimpleSax.pp
src/xmlutils.pp=namespaced/Xml.Utils.pp
src/xhtml.pp=namespaced/Xml.XHtml.pp
src/xmlstreaming.pp=namespaced/Xml.Streaming.pp
src/xmltextreader.pp=namespaced/Xml.TextReader.pp
src/xmliconv.pas=namespaced/Xml.IConv.pas
src/xmlconf.pp=namespaced/Xml.Conf.pp
src/htmwrite.pp=namespaced/Xml.HtmWrite.pp
src/sax.pp=namespaced/Xml.Sax.pp
src/htmldefs.pp=namespaced/Html.Defs.pp
src/dtdmodel.pp=namespaced/Xml.DtdModel.pp
src/sax_html.pp=namespaced/Html.Sax.pp
src/dom_html.pp=namespaced/Html.Dom.pp
src/htmlwriter.pp=namespaced/Html.Writer.pp
src/dom.pp=namespaced/Xml.Dom.pp
src/xpath.pp=namespaced/Xml.XPath.pp
src/xmlread.pp=namespaced/Xml.Read.pp
src/xmlcfg.pp=namespaced/Xml.Config.pp
src/xmlwrite.pp=namespaced/Xml.Writer.pp
