src/gtk+/gdk-pixbuf/gdk2pixbuf.pas=namespaced/Api.Gtk2.Gdk2pixbuf.pas
{s*:src/gtk+/gdk-pixbuf/}=namespaced/
{i+:src/gtk+/gdk-pixbuf/}
src/gtk+/gtk/gtk2.pas=namespaced/Api.Gtk2.Gtk2.pas
{s*:src/gtk+/gtk/}=namespaced/
{i+:src/gtk+/gtk/}
src/gtk+/gdk/gdk2.pas=namespaced/Api.Gdk2.pas
{s*:src/gtk+/gdk/}=namespaced/
{i+:src/gdk/}
src/libglade/libglade2.pas=namespaced/Api.Glade2.pas
{s*:src/libglade/}=namespaced/
{i+:src/libglade/}
src/pango/pangoutils.pas=namespaced/Api.Pangoutils.pas
{s*:src/pango/}=namespaced/
{i+:src/pango/}
src/pango/pango.pas=namespaced/Api.Pango.pas
src/atk/atk.pas=namespaced/Api.Atk.pas
{s*:src/atk/}=namespaced/
{i+:src/atk/}
src/pangocairo/pangocairo.pas=namespaced/Api.Pangocairo.pas
{s*:src/pangocairo/}=namespaced/
{i+:src/pangocairo/}
src/gtk2x11/gdk2x.pas=namespaced/Api.Gtk2.Gdk2x.pas
{s*:src/gtk2x11/}=namespaced/
{i+:src/gtk2x11/}
src/gtkext/gtk2ext.pp=namespaced/Api.Gtk2.Gtk2ext.pp
{s*:src/gtkext/}=namespaced/
{i+:src/gtkext/}
src/gtkhtml/gtkhtml.pas=namespaced/Api.Gtk2.Gtkhtml.pas
{s*:src/gtkhtml/}=namespaced/
{i+:src/gtkhtml/}
src/buildgtk2.pp=namespaced/Api.Gtk2.Buildgtk2.pp
{s*:src/}=namespaced/
{i+:src/}
src/glib/glib2.pas=namespaced/Api.Glib2.pas
{s*:src/glib/}=namespaced/
{i+:src/glib/}
src/gtkglext/gdkglext.pas=namespaced/Api.Gtk2.Gdkglext.pas
{s*:src/gtkglext/}=namespaced/
{i+:src/gtkglext/}
src/gtkglext/gtkglext.pas=namespaced/Api.Gtk2.Gtkglext.pas
