src/xmltestreport.pp=namespaced/FpcUnit.Reports.XMLTest.pp
{s*:src/}=namespaced/
{i+:src/}
src/exampletests/money.pp=namespaced/FpcUnit.Money.pp
{s*:src/exampletests/}=namespaced/
{i+:src/exampletests/}
src/exampletests/fpcunittests.pp=namespaced/FpcUnit.Tests.Unittests.pp
src/exampletests/moneytest.pp=namespaced/FpcUnit.Tests.Money.pp
src/exampletests/testmockobject.pp=namespaced/FpcUnit.Tests.Money.pp
src/testdecorator.pp=namespaced/FpcUnit.Decorator.pp
src/latextestreport.pp=namespaced/FpcUnit.Reports.LaTeX.pp
src/fpcunit.pp=namespaced/FpcUnit.Test.pp
src/testutils.pp=namespaced/FpcUnit.Utils.pp
src/fpcunitreport.pp=namespaced/FpcUnit.Reports.pp
src/junittestreport.pp=namespaced/FpcUnit.Reports.JUnit.pp
src/consoletestrunner.pas=namespaced/FpcUnit.Runners.Console.pas
src/testregistry.pp=namespaced/FpcUnit.Registry.pp
src/testreport.pp=namespaced/FpcUnit.Report.pp
src/simpletestrunner.pas=namespaced/FpcUnit.Runners.Simple.pas
src/plaintestreport.pp=namespaced/FpcUnit.Reports.Plain.pp
src/xmlreporter.pas=namespaced/FpcUnit.Reports.XML.pas
src/ubmockobject.pp=namespaced/FpcUnit.Ubmockobject.pp
src/digesttestreport.pp=namespaced/FpcUnit.Reports.Digest.pp
