src/Appearance.pas=namespaced/MacOsApi.Appearance.pas
{s*:src/}=namespaced/
{i+:src/}
src/PMDefinitions.pas=namespaced/MacOsApi.PMDefinitions.pas
src/Authorization.pas=namespaced/MacOsApi.Authorization.pas
src/HISeparator.pas=namespaced/MacOsApi.HISeparator.pas
src/CGPSConverter.pas=namespaced/MacOsApi.CGPSConverter.pas
src/Script.pas=namespaced/MacOsApi.Script.pas
src/CoreAudioTypes.pas=namespaced/MacOsApi.CoreAudioTypes.pas
src/ColorSyncDevice.pas=namespaced/MacOsApi.ColorSyncDevice.pas
src/SCSI.pas=namespaced/MacOsApi.SCSI.pas
src/OSAGeneric.pas=namespaced/MacOsApi.OSAGeneric.pas
src/DictionaryServices.pas=namespaced/MacOsApi.DictionaryServices.pas
src/QuickTimeMusic.pas=namespaced/MacOsApi.QuickTimeMusic.pas
src/PMCoreDeprecated.pas=namespaced/MacOsApi.PMCoreDeprecated.pas
src/AEInteraction.pas=namespaced/MacOsApi.AEInteraction.pas
src/Movies.pas=namespaced/MacOsApi.Movies.pas
src/CFString.pas=namespaced/MacOsApi.CFString.pas
src/AudioHardware.pas=namespaced/MacOsApi.AudioHardware.pas
src/CGImage.pas=namespaced/MacOsApi.CGImage.pas
src/Power.pas=namespaced/MacOsApi.Power.pas
src/CFFileDescriptor.pas=namespaced/MacOsApi.CFFileDescriptor.pas
src/CGWindowLevels.pas=namespaced/MacOsApi.CGWindowLevels.pas
src/ImageCompression.pas=namespaced/MacOsApi.ImageCompression.pas
src/AuthorizationPlugin.pas=namespaced/MacOsApi.AuthorizationPlugin.pas
src/AudioHardwareDeprecated.pas=namespaced/MacOsApi.AudioHardwareDeprecated.pas
src/HIShape.pas=namespaced/MacOsApi.HIShape.pas
src/HTMLRendering.pas=namespaced/MacOsApi.HTMLRendering.pas
src/DriverSynchronization.pas=namespaced/MacOsApi.DriverSynchronization.pas
src/CFStringTokenizer.pas=namespaced/MacOsApi.CFStringTokenizer.pas
src/CGDataProvider.pas=namespaced/MacOsApi.CGDataProvider.pas
src/CGPDFDocument.pas=namespaced/MacOsApi.CGPDFDocument.pas
src/SCDynamicStoreKey.pas=namespaced/MacOsApi.SCDynamicStoreKey.pas
src/gluContext.pas=namespaced/MacOsApi.GluContext.pas
src/MacOSAll.pas=namespaced/MacOsApi.MacOSAll.pas
src/CGErrors.pas=namespaced/MacOsApi.CGErrors.pas
src/HITextLengthFilter.pas=namespaced/MacOsApi.HITextLengthFilter.pas
src/CGLTypes.pas=namespaced/MacOsApi.CGLTypes.pas
src/CFURL.pas=namespaced/MacOsApi.CFURL.pas
src/ColorSyncCMM.pas=namespaced/MacOsApi.ColorSyncCMM.pas
src/CGLCurrent.pas=namespaced/MacOsApi.CGLCurrent.pas
src/SCPreferencesSetSpecific.pas=namespaced/MacOsApi.SCPreferencesSetSpecific.pas
src/AEObjects.pas=namespaced/MacOsApi.AEObjects.pas
src/QuickTimeStreaming.pas=namespaced/MacOsApi.QuickTimeStreaming.pas
src/CoreGraphics.pas=namespaced/MacOsApi.CoreGraphics.pas
src/CFBitVector.pas=namespaced/MacOsApi.CFBitVector.pas
src/HIContainerViews.pas=namespaced/MacOsApi.HIContainerViews.pas
src/TypeSelect.pas=namespaced/MacOsApi.TypeSelect.pas
src/CGDirectPalette.pas=namespaced/MacOsApi.CGDirectPalette.pas
src/MDQuery.pas=namespaced/MacOsApi.MDQuery.pas
src/TextEdit.pas=namespaced/MacOsApi.TextEdit.pas
src/MacWindows.pas=namespaced/MacOsApi.MacWindows.pas
src/x509defs.pas=namespaced/MacOsApi.X509defs.pas
src/QuickTimeVRFormat.pas=namespaced/MacOsApi.QuickTimeVRFormat.pas
src/CGPattern.pas=namespaced/MacOsApi.CGPattern.pas
src/QDCMCommon.pas=namespaced/MacOsApi.QDCMCommon.pas
src/CFUserNotification.pas=namespaced/MacOsApi.CFUserNotification.pas
src/MacLocales.pas=namespaced/MacOsApi.MacLocales.pas
src/cssmconfig.pas=namespaced/MacOsApi.Cssmconfig.pas
src/Dictionary.pas=namespaced/MacOsApi.Dictionary.pas
src/HostTime.pas=namespaced/MacOsApi.HostTime.pas
src/PMErrors.pas=namespaced/MacOsApi.PMErrors.pas
src/vDSP.pas=namespaced/MacOsApi.VDSP.pas
src/ColorPicker.pas=namespaced/MacOsApi.ColorPicker.pas
src/HIComboBox.pas=namespaced/MacOsApi.HIComboBox.pas
src/AXAttributeConstants.pas=namespaced/MacOsApi.AXAttributeConstants.pas
src/fp.pas=namespaced/MacOsApi.Fp.pas
src/CMCalibrator.pas=namespaced/MacOsApi.CMCalibrator.pas
src/QLGenerator.pas=namespaced/MacOsApi.QLGenerator.pas
src/HIDataBrowser.pas=namespaced/MacOsApi.HIDataBrowser.pas
src/MDLineage.pas=namespaced/MacOsApi.MDLineage.pas
src/CFXMLNode.pas=namespaced/MacOsApi.CFXMLNode.pas
src/CTFont.pas=namespaced/MacOsApi.CTFont.pas
src/KeychainHI.pas=namespaced/MacOsApi.KeychainHI.pas
src/ColorSyncProfile.pas=namespaced/MacOsApi.ColorSyncProfile.pas
src/QLThumbnail.pas=namespaced/MacOsApi.QLThumbnail.pas
src/acl.pas=namespaced/MacOsApi.Acl.pas
src/CarbonEventsCore.pas=namespaced/MacOsApi.CarbonEventsCore.pas
src/gliDispatch.pas=namespaced/MacOsApi.GliDispatch.pas
src/CVBuffer.pas=namespaced/MacOsApi.CVBuffer.pas
src/ABActions.pas=namespaced/MacOsApi.ABActions.pas
src/CodeFragments.pas=namespaced/MacOsApi.CodeFragments.pas
src/UniversalAccess.pas=namespaced/MacOsApi.UniversalAccess.pas
src/CFBundle.pas=namespaced/MacOsApi.CFBundle.pas
src/CGLayer.pas=namespaced/MacOsApi.CGLayer.pas
src/CTTypesetter.pas=namespaced/MacOsApi.CTTypesetter.pas
src/ATSUnicodeTypes.pas=namespaced/MacOsApi.ATSUnicodeTypes.pas
src/CoreText.pas=namespaced/MacOsApi.CoreText.pas
src/FinderRegistry.pas=namespaced/MacOsApi.FinderRegistry.pas
src/CFDictionary.pas=namespaced/MacOsApi.CFDictionary.pas
src/CGDisplayConfiguration.pas=namespaced/MacOsApi.CGDisplayConfiguration.pas
src/ATSUnicodeFlattening.pas=namespaced/MacOsApi.ATSUnicodeFlattening.pas
src/AuthorizationDB.pas=namespaced/MacOsApi.AuthorizationDB.pas
src/HIImageViews.pas=namespaced/MacOsApi.HIImageViews.pas
src/CFURLAccess.pas=namespaced/MacOsApi.CFURLAccess.pas
src/HIObject.pas=namespaced/MacOsApi.HIObject.pas
src/gliContexts.pas=namespaced/MacOsApi.GliContexts.pas
src/CGPDFContentStream.pas=namespaced/MacOsApi.CGPDFContentStream.pas
src/CFNetworkErrorss.pas=namespaced/MacOsApi.CFNetworkErrorss.pas
src/CVPixelBuffer.pas=namespaced/MacOsApi.CVPixelBuffer.pas
src/CFFTPStream.pas=namespaced/MacOsApi.CFFTPStream.pas
src/CGDisplayFades.pas=namespaced/MacOsApi.CGDisplayFades.pas
src/MDExternalDatastore.pas=namespaced/MacOsApi.MDExternalDatastore.pas
src/SFNTTypes.pas=namespaced/MacOsApi.SFNTTypes.pas
src/CTRun.pas=namespaced/MacOsApi.CTRun.pas
src/ControlDefinitions.pas=namespaced/MacOsApi.ControlDefinitions.pas
src/CFCharacterSet.pas=namespaced/MacOsApi.CFCharacterSet.pas
src/Translation.pas=namespaced/MacOsApi.Translation.pas
src/CFByteOrders.pas=namespaced/MacOsApi.CFByteOrders.pas
src/ATSTypes.pas=namespaced/MacOsApi.ATSTypes.pas
src/cssmerr.pas=namespaced/MacOsApi.Cssmerr.pas
src/CVHostTime.pas=namespaced/MacOsApi.CVHostTime.pas
src/Endian.pas=namespaced/MacOsApi.Endian.pas
src/CGPDFString.pas=namespaced/MacOsApi.CGPDFString.pas
src/AudioFormat.pas=namespaced/MacOsApi.AudioFormat.pas
src/CFMachPort.pas=namespaced/MacOsApi.CFMachPort.pas
src/AudioHardwareBase.pas=namespaced/MacOsApi.AudioHardwareBase.pas
src/AudioUnitCarbonViews.pas=namespaced/MacOsApi.AudioUnitCarbonViews.pas
src/CFBinaryHeap.pas=namespaced/MacOsApi.CFBinaryHeap.pas
src/Processes.pas=namespaced/MacOsApi.Processes.pas
src/AudioUnitProperties.pas=namespaced/MacOsApi.AudioUnitProperties.pas
src/URLAccess.pas=namespaced/MacOsApi.URLAccess.pas
src/CFPreferences.pas=namespaced/MacOsApi.CFPreferences.pas
src/MDImporter.pas=namespaced/MacOsApi.MDImporter.pas
src/Lists.pas=namespaced/MacOsApi.Lists.pas
src/CVOpenGLTextureCache.pas=namespaced/MacOsApi.CVOpenGLTextureCache.pas
src/ICACamera.pas=namespaced/MacOsApi.ICACamera.pas
src/CGPDFScanner.pas=namespaced/MacOsApi.CGPDFScanner.pas
src/CGPDFContext.pas=namespaced/MacOsApi.CGPDFContext.pas
src/CFPropertyList.pas=namespaced/MacOsApi.CFPropertyList.pas
src/AVLTree.pas=namespaced/MacOsApi.AVLTree.pas
src/Quickdraw.pas=namespaced/MacOsApi.Quickdraw.pas
src/CGBase.pas=namespaced/MacOsApi.CGBase.pas
src/CTFontManager.pas=namespaced/MacOsApi.CTFontManager.pas
src/xattr.pas=namespaced/MacOsApi.Xattr.pas
src/MultiProcessingInfo.pas=namespaced/MacOsApi.MultiProcessingInfo.pas
src/AXErrors.pas=namespaced/MacOsApi.AXErrors.pas
src/QLThumbnailImage.pas=namespaced/MacOsApi.QLThumbnailImage.pas
src/CVOpenGLBuffer.pas=namespaced/MacOsApi.CVOpenGLBuffer.pas
src/SKDocument.pas=namespaced/MacOsApi.SKDocument.pas
src/QTSMovie.pas=namespaced/MacOsApi.QTSMovie.pas
src/CFError.pas=namespaced/MacOsApi.CFError.pas
src/CGPDFObject.pas=namespaced/MacOsApi.CGPDFObject.pas
src/QLBase.pas=namespaced/MacOsApi.QLBase.pas
src/CGDirectDisplay.pas=namespaced/MacOsApi.CGDirectDisplay.pas
src/CGPDFPage.pas=namespaced/MacOsApi.CGPDFPage.pas
src/GPCStrings.pas=namespaced/MacOsApi.GPCStrings.pas
src/CFNumberFormatter.pas=namespaced/MacOsApi.CFNumberFormatter.pas
src/CGSession.pas=namespaced/MacOsApi.CGSession.pas
src/CGAffineTransforms.pas=namespaced/MacOsApi.CGAffineTransforms.pas
src/CFSet.pas=namespaced/MacOsApi.CFSet.pas
src/CSIdentity.pas=namespaced/MacOsApi.CSIdentity.pas
src/HIWindowViews.pas=namespaced/MacOsApi.HIWindowViews.pas
src/HIMovieView.pas=namespaced/MacOsApi.HIMovieView.pas
src/PMCore.pas=namespaced/MacOsApi.PMCore.pas
src/MDSchema.pas=namespaced/MacOsApi.MDSchema.pas
src/CGImageSource.pas=namespaced/MacOsApi.CGImageSource.pas
src/LowMem.pas=namespaced/MacOsApi.LowMem.pas
src/AIFF.pas=namespaced/MacOsApi.AIFF.pas
src/CGLDevice.pas=namespaced/MacOsApi.CGLDevice.pas
src/FontSync.pas=namespaced/MacOsApi.FontSync.pas
src/AEMach.pas=namespaced/MacOsApi.AEMach.pas
src/Threads.pas=namespaced/MacOsApi.Threads.pas
src/AXValueConstants.pas=namespaced/MacOsApi.AXValueConstants.pas
src/ICAApplication.pas=namespaced/MacOsApi.ICAApplication.pas
src/kern_return.pas=namespaced/MacOsApi.Kern_return.pas
src/MachineExceptions.pas=namespaced/MacOsApi.MachineExceptions.pas
src/CVImageBuffer.pas=namespaced/MacOsApi.CVImageBuffer.pas
src/AuthSession.pas=namespaced/MacOsApi.AuthSession.pas
src/macglext.pas=namespaced/MacOsApi.Macglext.pas
src/AppleHelp.pas=namespaced/MacOsApi.AppleHelp.pas
src/HIToolbar.pas=namespaced/MacOsApi.HIToolbar.pas
src/DateTimeUtils.pas=namespaced/MacOsApi.DateTimeUtils.pas
src/QDPictToCGContext.pas=namespaced/MacOsApi.QDPictToCGContext.pas
src/DASession.pas=namespaced/MacOsApi.DASession.pas
src/CGPDFStream.pas=namespaced/MacOsApi.CGPDFStream.pas
src/Displays.pas=namespaced/MacOsApi.Displays.pas
src/CVOpenGLTexture.pas=namespaced/MacOsApi.CVOpenGLTexture.pas
src/ColorSyncTransform.pas=namespaced/MacOsApi.ColorSyncTransform.pas
src/CGColor.pas=namespaced/MacOsApi.CGColor.pas
src/WSMethodInvocation.pas=namespaced/MacOsApi.WSMethodInvocation.pas
src/Components.pas=namespaced/MacOsApi.Components.pas
src/Events.pas=namespaced/MacOsApi.Events.pas
src/CGContext.pas=namespaced/MacOsApi.CGContext.pas
src/DriverServices.pas=namespaced/MacOsApi.DriverServices.pas
src/CFXMLParser.pas=namespaced/MacOsApi.CFXMLParser.pas
src/OpenTransportProtocol.pas=namespaced/MacOsApi.OpenTransportProtocol.pas
src/Menus.pas=namespaced/MacOsApi.Menus.pas
src/CGPDFDictionary.pas=namespaced/MacOsApi.CGPDFDictionary.pas
src/Navigation.pas=namespaced/MacOsApi.Navigation.pas
src/SCNetwork.pas=namespaced/MacOsApi.SCNetwork.pas
src/HIView.pas=namespaced/MacOsApi.HIView.pas
src/MusicDevice.pas=namespaced/MacOsApi.MusicDevice.pas
src/IOKitReturn.pas=namespaced/MacOsApi.IOKitReturn.pas
src/HIArchive.pas=namespaced/MacOsApi.HIArchive.pas
src/Drag.pas=namespaced/MacOsApi.Drag.pas
src/ABGlobals.pas=namespaced/MacOsApi.ABGlobals.pas
src/CFNetDiagnostics.pas=namespaced/MacOsApi.CFNetDiagnostics.pas
src/AppleEvents.pas=namespaced/MacOsApi.AppleEvents.pas
src/SKIndex.pas=namespaced/MacOsApi.SKIndex.pas
src/CFHTTPAuthentication.pas=namespaced/MacOsApi.CFHTTPAuthentication.pas
src/HIScrollView.pas=namespaced/MacOsApi.HIScrollView.pas
src/Aliases.pas=namespaced/MacOsApi.Aliases.pas
src/cssmkrapi.pas=namespaced/MacOsApi.Cssmkrapi.pas
src/TextEncodingPlugin.pas=namespaced/MacOsApi.TextEncodingPlugin.pas
src/CarbonEvents.pas=namespaced/MacOsApi.CarbonEvents.pas
src/CGLProfiler.pas=namespaced/MacOsApi.CGLProfiler.pas
src/Sound.pas=namespaced/MacOsApi.Sound.pas
src/LSSharedFileList.pas=namespaced/MacOsApi.LSSharedFileList.pas
src/MoviesFormat.pas=namespaced/MacOsApi.MoviesFormat.pas
src/PMDefinitionsDeprecated.pas=namespaced/MacOsApi.PMDefinitionsDeprecated.pas
src/QuickdrawTypes.pas=namespaced/MacOsApi.QuickdrawTypes.pas
src/NSL.pas=namespaced/MacOsApi.NSL.pas
src/CFStream.pas=namespaced/MacOsApi.CFStream.pas
src/UTType.pas=namespaced/MacOsApi.UTType.pas
src/CGDataConsumer.pas=namespaced/MacOsApi.CGDataConsumer.pas
src/OpenTransportProviders.pas=namespaced/MacOsApi.OpenTransportProviders.pas
src/AXUIElement.pas=namespaced/MacOsApi.AXUIElement.pas
src/TextCommon.pas=namespaced/MacOsApi.TextCommon.pas
src/SpeechRecognition.pas=namespaced/MacOsApi.SpeechRecognition.pas
src/AudioUnitUtilities.pas=namespaced/MacOsApi.AudioUnitUtilities.pas
src/FileTypesAndCreators.pas=namespaced/MacOsApi.FileTypesAndCreators.pas
src/Debugging.pas=namespaced/MacOsApi.Debugging.pas
src/CVPixelBufferIOSurface.pas=namespaced/MacOsApi.CVPixelBufferIOSurface.pas
src/CFSocket.pas=namespaced/MacOsApi.CFSocket.pas
src/HILittleArrows.pas=namespaced/MacOsApi.HILittleArrows.pas
src/IOSurfaceAPI.pas=namespaced/MacOsApi.IOSurfaceAPI.pas
src/vBLAS.pas=namespaced/MacOsApi.VBLAS.pas
src/Video.pas=namespaced/MacOsApi.Video.pas
src/CGEventSource.pas=namespaced/MacOsApi.CGEventSource.pas
src/CFUUID.pas=namespaced/MacOsApi.CFUUID.pas
src/CGPath.pas=namespaced/MacOsApi.CGPath.pas
src/MIDISetup.pas=namespaced/MacOsApi.MIDISetup.pas
src/InternetConfig.pas=namespaced/MacOsApi.InternetConfig.pas
src/MacOSXPosix.pas=namespaced/MacOsApi.MacOSXPosix.pas
src/Keyboards.pas=namespaced/MacOsApi.Keyboards.pas
src/ATSUnicodeGlyphs.pas=namespaced/MacOsApi.ATSUnicodeGlyphs.pas
src/PMPrintAETypes.pas=namespaced/MacOsApi.PMPrintAETypes.pas
src/ImageCodec.pas=namespaced/MacOsApi.ImageCodec.pas
src/CTFontTraits.pas=namespaced/MacOsApi.CTFontTraits.pas
src/HITheme.pas=namespaced/MacOsApi.HITheme.pas
src/BackupCore.pas=namespaced/MacOsApi.BackupCore.pas
src/HISegmentedView.pas=namespaced/MacOsApi.HISegmentedView.pas
src/CFPlugInCOM.pas=namespaced/MacOsApi.CFPlugInCOM.pas
src/CFTree.pas=namespaced/MacOsApi.CFTree.pas
src/SpeechSynthesis.pas=namespaced/MacOsApi.SpeechSynthesis.pas
src/NSLCore.pas=namespaced/MacOsApi.NSLCore.pas
src/SCDynamicStore.pas=namespaced/MacOsApi.SCDynamicStore.pas
src/OSA.pas=namespaced/MacOsApi.OSA.pas
src/cssmtype.pas=namespaced/MacOsApi.Cssmtype.pas
src/AudioConverter.pas=namespaced/MacOsApi.AudioConverter.pas
src/certextensions.pas=namespaced/MacOsApi.Certextensions.pas
src/ATSUnicodeObjects.pas=namespaced/MacOsApi.ATSUnicodeObjects.pas
src/ATSLayoutTypes.pas=namespaced/MacOsApi.ATSLayoutTypes.pas
src/TranslationServices.pas=namespaced/MacOsApi.TranslationServices.pas
src/AEDataModel.pas=namespaced/MacOsApi.AEDataModel.pas
src/UnicodeConverter.pas=namespaced/MacOsApi.UnicodeConverter.pas
src/mach_error.pas=namespaced/MacOsApi.Mach_error.pas
src/SCDynamicStoreCopySpecific.pas=namespaced/MacOsApi.SCDynamicStoreCopySpecific.pas
src/cssmapple.pas=namespaced/MacOsApi.Cssmapple.pas
src/HIRelevanceBar.pas=namespaced/MacOsApi.HIRelevanceBar.pas
src/SCNetworkReachability.pas=namespaced/MacOsApi.SCNetworkReachability.pas
src/PMPrintingDialogExtensions.pas=namespaced/MacOsApi.PMPrintingDialogExtensions.pas
src/AudioOutputUnit.pas=namespaced/MacOsApi.AudioOutputUnit.pas
src/Palettes.pas=namespaced/MacOsApi.Palettes.pas
src/CFArray.pas=namespaced/MacOsApi.CFArray.pas
src/CSIdentityBase.pas=namespaced/MacOsApi.CSIdentityBase.pas
src/HIButtonViews.pas=namespaced/MacOsApi.HIButtonViews.pas
src/CFProxySupport.pas=namespaced/MacOsApi.CFProxySupport.pas
src/Pasteboard.pas=namespaced/MacOsApi.Pasteboard.pas
src/HIPopupButton.pas=namespaced/MacOsApi.HIPopupButton.pas
src/AEHelpers.pas=namespaced/MacOsApi.AEHelpers.pas
src/AXNotificationConstants.pas=namespaced/MacOsApi.AXNotificationConstants.pas
src/Math64.pas=namespaced/MacOsApi.Math64.pas
src/CTFontCollection.pas=namespaced/MacOsApi.CTFontCollection.pas
src/WSTypes.pas=namespaced/MacOsApi.WSTypes.pas
src/UTCUtils.pas=namespaced/MacOsApi.UTCUtils.pas
src/CGPDFArray.pas=namespaced/MacOsApi.CGPDFArray.pas
src/HIDisclosureViews.pas=namespaced/MacOsApi.HIDisclosureViews.pas
src/AudioQueue.pas=namespaced/MacOsApi.AudioQueue.pas
src/PictUtils.pas=namespaced/MacOsApi.PictUtils.pas
src/IconStorage.pas=namespaced/MacOsApi.IconStorage.pas
src/QuickTimeVR.pas=namespaced/MacOsApi.QuickTimeVR.pas
src/UTCoreTypes.pas=namespaced/MacOsApi.UTCoreTypes.pas
src/DADisk.pas=namespaced/MacOsApi.DADisk.pas
src/SCSchemaDefinitions.pas=namespaced/MacOsApi.SCSchemaDefinitions.pas
src/QTStreamingComponents.pas=namespaced/MacOsApi.QTStreamingComponents.pas
src/CVDisplayLink.pas=namespaced/MacOsApi.CVDisplayLink.pas
src/CFDate.pas=namespaced/MacOsApi.CFDate.pas
src/DrawSprocket.pas=namespaced/MacOsApi.DrawSprocket.pas
src/ASDebugging.pas=namespaced/MacOsApi.ASDebugging.pas
src/IconsCore.pas=namespaced/MacOsApi.IconsCore.pas
src/CFCalendar.pas=namespaced/MacOsApi.CFCalendar.pas
src/HITextViews.pas=namespaced/MacOsApi.HITextViews.pas
src/TextUtils.pas=namespaced/MacOsApi.TextUtils.pas
src/SecBase.pas=namespaced/MacOsApi.SecBase.pas
src/CGGLContext.pas=namespaced/MacOsApi.CGGLContext.pas
src/LSOpen.pas=namespaced/MacOsApi.LSOpen.pas
src/CGEventTypes.pas=namespaced/MacOsApi.CGEventTypes.pas
src/HIProgressViews.pas=namespaced/MacOsApi.HIProgressViews.pas
src/MDItem.pas=namespaced/MacOsApi.MDItem.pas
src/CSIdentityAuthority.pas=namespaced/MacOsApi.CSIdentityAuthority.pas
src/Controls.pas=namespaced/MacOsApi.Controls.pas
src/CFRunLoop.pas=namespaced/MacOsApi.CFRunLoop.pas
src/QuickdrawText.pas=namespaced/MacOsApi.QuickdrawText.pas
src/CFSocketStream.pas=namespaced/MacOsApi.CFSocketStream.pas
src/CGEvent.pas=namespaced/MacOsApi.CGEvent.pas
src/IBCarbonRuntime.pas=namespaced/MacOsApi.IBCarbonRuntime.pas
src/SCDynamicStoreCopyDHCPInfos.pas=namespaced/MacOsApi.SCDynamicStoreCopyDHCPInfos.pas
src/CGShading.pas=namespaced/MacOsApi.CGShading.pas
src/GestaltEqu.pas=namespaced/MacOsApi.GestaltEqu.pas
src/CFURLEnumerator.pas=namespaced/MacOsApi.CFURLEnumerator.pas
src/MacTypes.pas=namespaced/MacOsApi.MacTypes.pas
src/Notification.pas=namespaced/MacOsApi.Notification.pas
src/Scrap.pas=namespaced/MacOsApi.Scrap.pas
src/MacApplication.pas=namespaced/MacOsApi.MacApplication.pas
src/MIDIDriver.pas=namespaced/MacOsApi.MIDIDriver.pas
src/ObjCRuntime.pas=namespaced/MacOsApi.ObjCRuntime.pas
src/SKSearch.pas=namespaced/MacOsApi.SKSearch.pas
src/HFSVolumes.pas=namespaced/MacOsApi.HFSVolumes.pas
src/FSEvents.pas=namespaced/MacOsApi.FSEvents.pas
src/MacTextEditor.pas=namespaced/MacOsApi.MacTextEditor.pas
src/CGWindow.pas=namespaced/MacOsApi.CGWindow.pas
src/AEPackObject.pas=namespaced/MacOsApi.AEPackObject.pas
src/AXActionConstants.pas=namespaced/MacOsApi.AXActionConstants.pas
src/cblas.pas=namespaced/MacOsApi.Cblas.pas
src/KeyEvents.pas=namespaced/MacOsApi.KeyEvents.pas
src/HIToolboxDebugging.pas=namespaced/MacOsApi.HIToolboxDebugging.pas
src/MediaHandlers.pas=namespaced/MacOsApi.MediaHandlers.pas
src/CoreFoundation.pas=namespaced/MacOsApi.CoreFoundation.pas
src/SKAnalysis.pas=namespaced/MacOsApi.SKAnalysis.pas
src/AXConstants.pas=namespaced/MacOsApi.AXConstants.pas
src/CGGradient.pas=namespaced/MacOsApi.CGGradient.pas
src/CGFont.pas=namespaced/MacOsApi.CGFont.pas
src/MacHelp.pas=namespaced/MacOsApi.MacHelp.pas
src/ToolUtils.pas=namespaced/MacOsApi.ToolUtils.pas
src/KeychainCore.pas=namespaced/MacOsApi.KeychainCore.pas
src/ASRegistry.pas=namespaced/MacOsApi.ASRegistry.pas
src/AudioComponents.pas=namespaced/MacOsApi.AudioComponents.pas
src/PLStringFuncs.pas=namespaced/MacOsApi.PLStringFuncs.pas
src/CTFontManagerErrors.pas=namespaced/MacOsApi.CTFontManagerErrors.pas
src/macglu.pas=namespaced/MacOsApi.Macglu.pas
src/CFTimeZone.pas=namespaced/MacOsApi.CFTimeZone.pas
src/HIClockView.pas=namespaced/MacOsApi.HIClockView.pas
src/fenv.pas=namespaced/MacOsApi.Fenv.pas
src/AudioServices.pas=namespaced/MacOsApi.AudioServices.pas
src/AuthorizationTags.pas=namespaced/MacOsApi.AuthorizationTags.pas
src/CGLRenderers.pas=namespaced/MacOsApi.CGLRenderers.pas
src/PMPrintSettingsKeys.pas=namespaced/MacOsApi.PMPrintSettingsKeys.pas
src/WSProtocolHandler.pas=namespaced/MacOsApi.WSProtocolHandler.pas
src/Finder.pas=namespaced/MacOsApi.Finder.pas
src/LSQuarantine.pas=namespaced/MacOsApi.LSQuarantine.pas
src/CFData.pas=namespaced/MacOsApi.CFData.pas
src/FixMath.pas=namespaced/MacOsApi.FixMath.pas
src/CGImageDestination.pas=namespaced/MacOsApi.CGImageDestination.pas
src/macgl.pas=namespaced/MacOsApi.Macgl.pas
src/CFHost.pas=namespaced/MacOsApi.CFHost.pas
src/HIMenuView.pas=namespaced/MacOsApi.HIMenuView.pas
src/CFBag.pas=namespaced/MacOsApi.CFBag.pas
src/QuickTimeComponents.pas=namespaced/MacOsApi.QuickTimeComponents.pas
src/ICADevice.pas=namespaced/MacOsApi.ICADevice.pas
src/MacOS.pas=namespaced/MacOsApi.MacOS.pas
src/CFHTTPMessage.pas=namespaced/MacOsApi.CFHTTPMessage.pas
src/CFNetServices.pas=namespaced/MacOsApi.CFNetServices.pas
src/ABPeoplePicker.pas=namespaced/MacOsApi.ABPeoplePicker.pas
src/AudioUnitParameters.pas=namespaced/MacOsApi.AudioUnitParameters.pas
src/CGImageMetadata.pas=namespaced/MacOsApi.CGImageMetadata.pas
src/LanguageAnalysis.pas=namespaced/MacOsApi.LanguageAnalysis.pas
src/CaptiveNetwork.pas=namespaced/MacOsApi.CaptiveNetwork.pas
src/CGBitmapContext.pas=namespaced/MacOsApi.CGBitmapContext.pas
src/CFHTTPStream.pas=namespaced/MacOsApi.CFHTTPStream.pas
src/NumberFormatting.pas=namespaced/MacOsApi.NumberFormatting.pas
src/HITabbedView.pas=namespaced/MacOsApi.HITabbedView.pas
src/CGLProfilerFunctionEnums.pas=namespaced/MacOsApi.CGLProfilerFunctionEnums.pas
src/CGColorSpace.pas=namespaced/MacOsApi.CGColorSpace.pas
src/AudioFile.pas=namespaced/MacOsApi.AudioFile.pas
src/CTLine.pas=namespaced/MacOsApi.CTLine.pas
src/AEUserTermTypes.pas=namespaced/MacOsApi.AEUserTermTypes.pas
src/SCPreferences.pas=namespaced/MacOsApi.SCPreferences.pas
src/AudioHardwareService.pas=namespaced/MacOsApi.AudioHardwareService.pas
src/DigitalHubRegistry.pas=namespaced/MacOsApi.DigitalHubRegistry.pas
src/OSAComp.pas=namespaced/MacOsApi.OSAComp.pas
src/CVPixelBufferPool.pas=namespaced/MacOsApi.CVPixelBufferPool.pas
src/Files.pas=namespaced/MacOsApi.Files.pas
src/ATSFont.pas=namespaced/MacOsApi.ATSFont.pas
src/CGRemoteOperation.pas=namespaced/MacOsApi.CGRemoteOperation.pas
src/ATSUnicodeDrawing.pas=namespaced/MacOsApi.ATSUnicodeDrawing.pas
src/TextInputSources.pas=namespaced/MacOsApi.TextInputSources.pas
src/QTML.pas=namespaced/MacOsApi.QTML.pas
src/ABTypedefs.pas=namespaced/MacOsApi.ABTypedefs.pas
src/CGGeometry.pas=namespaced/MacOsApi.CGGeometry.pas
src/LSInfo.pas=namespaced/MacOsApi.LSInfo.pas
src/CFPlugIn.pas=namespaced/MacOsApi.CFPlugIn.pas
src/QuickTimeErrors.pas=namespaced/MacOsApi.QuickTimeErrors.pas
src/CTTextTab.pas=namespaced/MacOsApi.CTTextTab.pas
src/CFFileSecurity.pas=namespaced/MacOsApi.CFFileSecurity.pas
src/AXTextAttributedString.pas=namespaced/MacOsApi.AXTextAttributedString.pas
src/ConditionalMacros.pas=namespaced/MacOsApi.ConditionalMacros.pas
src/HIToolbox.pas=namespaced/MacOsApi.HIToolbox.pas
src/SCPreferencesPath.pas=namespaced/MacOsApi.SCPreferencesPath.pas
src/TextServices.pas=namespaced/MacOsApi.TextServices.pas
src/CSIdentityQuery.pas=namespaced/MacOsApi.CSIdentityQuery.pas
src/HISearchField.pas=namespaced/MacOsApi.HISearchField.pas
src/CTFrame.pas=namespaced/MacOsApi.CTFrame.pas
src/AppleDiskPartitions.pas=namespaced/MacOsApi.AppleDiskPartitions.pas
src/CFBase.pas=namespaced/MacOsApi.CFBase.pas
src/Multiprocessing.pas=namespaced/MacOsApi.Multiprocessing.pas
src/SFNTLayoutTypes.pas=namespaced/MacOsApi.SFNTLayoutTypes.pas
src/Accessibility.pas=namespaced/MacOsApi.Accessibility.pas
src/HISlider.pas=namespaced/MacOsApi.HISlider.pas
src/CGFunction.pas=namespaced/MacOsApi.CGFunction.pas
src/Collections.pas=namespaced/MacOsApi.Collections.pas
src/ATSUnicodeDirectAccess.pas=namespaced/MacOsApi.ATSUnicodeDirectAccess.pas
src/PMApplication.pas=namespaced/MacOsApi.PMApplication.pas
src/TSMTE.pas=namespaced/MacOsApi.TSMTE.pas
src/CTParagraphStyle.pas=namespaced/MacOsApi.CTParagraphStyle.pas
src/Icons.pas=namespaced/MacOsApi.Icons.pas
src/CFStringEncodingExt.pas=namespaced/MacOsApi.CFStringEncodingExt.pas
src/CVPixelFormatDescription.pas=namespaced/MacOsApi.CVPixelFormatDescription.pas
src/Timer.pas=namespaced/MacOsApi.Timer.pas
src/SecTrust.pas=namespaced/MacOsApi.SecTrust.pas
src/SKSummary.pas=namespaced/MacOsApi.SKSummary.pas
src/ColorSyncDeprecated.pas=namespaced/MacOsApi.ColorSyncDeprecated.pas
src/AudioFileComponents.pas=namespaced/MacOsApi.AudioFileComponents.pas
src/OpenTransport.pas=namespaced/MacOsApi.OpenTransport.pas
src/ScalerStreamTypes.pas=namespaced/MacOsApi.ScalerStreamTypes.pas
src/CTGlyphInfo.pas=namespaced/MacOsApi.CTGlyphInfo.pas
src/PEFBinaryFormat.pas=namespaced/MacOsApi.PEFBinaryFormat.pas
src/CTFontDescriptor.pas=namespaced/MacOsApi.CTFontDescriptor.pas
src/IntlResources.pas=namespaced/MacOsApi.IntlResources.pas
src/AudioFileStream.pas=namespaced/MacOsApi.AudioFileStream.pas
src/CFMessagePort.pas=namespaced/MacOsApi.CFMessagePort.pas
src/TextEncodingConverter.pas=namespaced/MacOsApi.TextEncodingConverter.pas
src/SystemSound.pas=namespaced/MacOsApi.SystemSound.pas
src/CFNotificationCenter.pas=namespaced/MacOsApi.CFNotificationCenter.pas
src/CTStringAttributes.pas=namespaced/MacOsApi.CTStringAttributes.pas
src/DHCPClientPreferences.pas=namespaced/MacOsApi.DHCPClientPreferences.pas
src/HIGeometry.pas=namespaced/MacOsApi.HIGeometry.pas
src/FontPanel.pas=namespaced/MacOsApi.FontPanel.pas
src/HITextUtils.pas=namespaced/MacOsApi.HITextUtils.pas
src/AudioCodecs.pas=namespaced/MacOsApi.AudioCodecs.pas
src/MacOpenGL.pas=namespaced/MacOsApi.MacOpenGL.pas
src/CVBase.pas=namespaced/MacOsApi.CVBase.pas
src/MixedMode.pas=namespaced/MacOsApi.MixedMode.pas
src/CVOpenGLBufferPool.pas=namespaced/MacOsApi.CVOpenGLBufferPool.pas
src/AERegistry.pas=namespaced/MacOsApi.AERegistry.pas
src/PMApplicationDeprecated.pas=namespaced/MacOsApi.PMApplicationDeprecated.pas
src/CVReturns.pas=namespaced/MacOsApi.CVReturns.pas
src/TranslationExtensions.pas=namespaced/MacOsApi.TranslationExtensions.pas
src/SCNetworkConfiguration.pas=namespaced/MacOsApi.SCNetworkConfiguration.pas
src/CFAttributedString.pas=namespaced/MacOsApi.CFAttributedString.pas
src/SystemConfiguration.pas=namespaced/MacOsApi.SystemConfiguration.pas
src/ATSUnicodeFonts.pas=namespaced/MacOsApi.ATSUnicodeFonts.pas
src/Folders.pas=namespaced/MacOsApi.Folders.pas
src/OSUtils.pas=namespaced/MacOsApi.OSUtils.pas
src/CTFramesetter.pas=namespaced/MacOsApi.CTFramesetter.pas
src/Resources.pas=namespaced/MacOsApi.Resources.pas
src/CFDateFormatter.pas=namespaced/MacOsApi.CFDateFormatter.pas
src/Dialogs.pas=namespaced/MacOsApi.Dialogs.pas
src/SCNetworkConnection.pas=namespaced/MacOsApi.SCNetworkConnection.pas
src/QDOffscreen.pas=namespaced/MacOsApi.QDOffscreen.pas
src/MacMemory.pas=namespaced/MacOsApi.MacMemory.pas
src/Fonts.pas=namespaced/MacOsApi.Fonts.pas
src/StringCompare.pas=namespaced/MacOsApi.StringCompare.pas
src/AppleScript.pas=namespaced/MacOsApi.AppleScript.pas
src/HIAccessibility.pas=namespaced/MacOsApi.HIAccessibility.pas
src/CFNumber.pas=namespaced/MacOsApi.CFNumber.pas
src/CGPDFOperatorTable.pas=namespaced/MacOsApi.CGPDFOperatorTable.pas
src/MIDIServices.pas=namespaced/MacOsApi.MIDIServices.pas
src/MIDIThruConnection.pas=namespaced/MacOsApi.MIDIThruConnection.pas
src/ABAddressBook.pas=namespaced/MacOsApi.ABAddressBook.pas
src/AXRoleConstants.pas=namespaced/MacOsApi.AXRoleConstants.pas
src/MacErrors.pas=namespaced/MacOsApi.MacErrors.pas
src/AUComponent.pas=namespaced/MacOsApi.AUComponent.pas
src/CGImageProperties.pas=namespaced/MacOsApi.CGImageProperties.pas
src/CFLocale.pas=namespaced/MacOsApi.CFLocale.pas
src/AXValue.pas=namespaced/MacOsApi.AXValue.pas
src/UnicodeUtilities.pas=namespaced/MacOsApi.UnicodeUtilities.pas
