src/jcprepct.pas=namespaced/System.Jpeg.Jcprepct.pas
{s*:src/}=namespaced/
{i+:src/}
src/jcparam.pas=namespaced/System.Jpeg.Jcparam.pas
src/jchuff.pas=namespaced/System.Jpeg.Jchuff.pas
src/jdphuff.pas=namespaced/System.Jpeg.Jdphuff.pas
src/jerror.pas=namespaced/System.Jpeg.Jerror.pas
src/jdcoefct.pas=namespaced/System.Jpeg.Jdcoefct.pas
src/jdinput.pas=namespaced/System.Jpeg.Jdinput.pas
src/jcmainct.pas=namespaced/System.Jpeg.Jcmainct.pas
src/jidctred.pas=namespaced/System.Jpeg.Jidctred.pas
src/jidctint.pas=namespaced/System.Jpeg.Jidctint.pas
src/jcmaster.pas=namespaced/System.Jpeg.Jcmaster.pas
src/pasjpeg.pas=namespaced/System.Jpeg.Pasjpeg.pas
src/jmemdosa.pas=namespaced/System.Jpeg.Jmemdosa.pas
src/jddctmgr.pas=namespaced/System.Jpeg.Jddctmgr.pas
src/jdatasrc.pas=namespaced/System.Jpeg.Jdatasrc.pas
src/jdcolor.pas=namespaced/System.Jpeg.Jdcolor.pas
src/jcmarker.pas=namespaced/System.Jpeg.Jcmarker.pas
src/jdapimin.pas=namespaced/System.Jpeg.Jdapimin.pas
src/jmemmgr.pas=namespaced/System.Jpeg.Jmemmgr.pas
src/jfdctflt.pas=namespaced/System.Jpeg.Jfdctflt.pas
src/jcapimin.pas=namespaced/System.Jpeg.Jcapimin.pas
src/jconsts.pas=namespaced/System.Jpeg.Jconsts.pas
src/jdmarker.pas=namespaced/System.Jpeg.Jdmarker.pas
src/jdmainct.pas=namespaced/System.Jpeg.Jdmainct.pas
src/jidctasm.pas=namespaced/System.Jpeg.Jidctasm.pas
src/jmemnobs.pas=namespaced/System.Jpeg.Jmemnobs.pas
src/jcomapi.pas=namespaced/System.Jpeg.Jcomapi.pas
src/jdhuff.pas=namespaced/System.Jpeg.Jdhuff.pas
src/jpeglib.pas=namespaced/System.Jpeg.Jpeglib.pas
src/jfdctfst.pas=namespaced/System.Jpeg.Jfdctfst.pas
src/jdmerge.pas=namespaced/System.Jpeg.Jdmerge.pas
src/jinclude.pas=namespaced/System.Jpeg.Jinclude.pas
src/jmorecfg.pas=namespaced/System.Jpeg.Jmorecfg.pas
src/jfdctint.pas=namespaced/System.Jpeg.Jfdctint.pas
src/jidctflt.pas=namespaced/System.Jpeg.Jidctflt.pas
src/jccoefct.pas=namespaced/System.Jpeg.Jccoefct.pas
src/jdeferr.pas=namespaced/System.Jpeg.Jdeferr.pas
src/jcdctmgr.pas=namespaced/System.Jpeg.Jcdctmgr.pas
src/jcsample.pas=namespaced/System.Jpeg.Jcsample.pas
src/jctrans.pas=namespaced/System.Jpeg.Jctrans.pas
src/jcapistd.pas=namespaced/System.Jpeg.Jcapistd.pas
src/jdtrans.pas=namespaced/System.Jpeg.Jdtrans.pas
src/jccolor.pas=namespaced/System.Jpeg.Jccolor.pas
src/jquant1.pas=namespaced/System.Jpeg.Jquant1.pas
src/jmemsys.pas=namespaced/System.Jpeg.Jmemsys.pas
src/jdatadst.pas=namespaced/System.Jpeg.Jdatadst.pas
src/jcphuff.pas=namespaced/System.Jpeg.Jcphuff.pas
src/jmemdos.pas=namespaced/System.Jpeg.Jmemdos.pas
src/jutils.pas=namespaced/System.Jpeg.Jutils.pas
src/jidct2d.pas=namespaced/System.Jpeg.Jidct2d.pas
src/buildpasjpeg.pp=namespaced/System.Jpeg.Buildpasjpeg.pp
src/jdsample.pas=namespaced/System.Jpeg.Jdsample.pas
src/jdapistd.pas=namespaced/System.Jpeg.Jdapistd.pas
src/jdmaster.pas=namespaced/System.Jpeg.Jdmaster.pas
src/jquant2.pas=namespaced/System.Jpeg.Jquant2.pas
src/jidctfst.pas=namespaced/System.Jpeg.Jidctfst.pas
src/jdct.pas=namespaced/System.Jpeg.Jdct.pas
src/jdpostct.pas=namespaced/System.Jpeg.Jdpostct.pas
src/jcinit.pas=namespaced/System.Jpeg.Jcinit.pas
