src/fpreportdata.pp=namespaced/FpReport.Data.pp
{s*:src/}=namespaced/
{i+:src/}
src/fpreportpdfexport.pp=namespaced/FpReport.Export.Pdf.pp
src/fpreportdatajson.pp=namespaced/FpReport.Data.Rest.pp
src/fpreporthtmlexport.pp=namespaced/FpReport.Export.Html.pp
src/fpreportfpimageexport.pp=namespaced/FpReport.Export.FpImage.pp
src/fpreportdb.pp=namespaced/FpReport.Data.Db.pp
src/fpreportcanvashelper.pp=namespaced/FpReport.CanvasHelper.pp
src/fpreportdatadbf.pp=namespaced/FpReport.Data.Dbf.pp
src/fpreportqrcode.pp=namespaced/FpReport.QrCode.pp
src/fpreportbarcode.pp=namespaced/FpReport.BarCode.pp
src/fpreporthtmlutil.pp=namespaced/FpReport.Html.Utils.pp
src/fpjsonreport.pp=namespaced/FpReport.Json.pp
src/fpreportdatacsv.pp=namespaced/FpReport.Data.Csv.pp
src/fpextfuncs.pp=namespaced/FpReport.ExtFuncs.pp
src/fpreport.pp=namespaced/FpReport.Report.pp
src/fplazreport.pp=namespaced/FpReport.Lazarus.pp
src/fpreportstreamer.pp=namespaced/FpReport.Streamer.pp
src/fpreportcontnr.pp=namespaced/FpReport.Contnr.pp
src/fpreportdom.pp=namespaced/FpReport.Dom.pp
src/fpreportdatasqldb.pp=namespaced/FpReport.Data.SqlDb.pp
src/fpreporthtmlparser.pp=namespaced/FpReport.Html.Parser.pp
src/fprepexprpars.pp=namespaced/FpReport.Expressions.pp
src/fpreportjson.pp=namespaced/FpReport.Data.Json.pp
