src/xrandr.pp=namespaced/Api.X11.Xrandr.pp
{s*:src/}=namespaced/
{i+:src/}
src/shape.pp=namespaced/Api.X11.Shape.pp
src/x.pp=namespaced/Api.X11.X.pp
src/sunkeysym.pp=namespaced/Api.X11.Sunkeysym.pp
src/xmd.pp=namespaced/Api.X11.Xmd.pp
src/xge.pp=namespaced/Api.X11.Xge.pp
src/xevi.pp=namespaced/Api.X11.Xevi.pp
src/xvlib.pp=namespaced/Api.X11.Xvlib.pp
src/xkb.pp=namespaced/Api.X11.Xkb.pp
src/xinput2.pp=namespaced/Api.X11.Xinput2.pp
src/deckeysym.pp=namespaced/Api.X11.Deckeysym.pp
src/xtestext1.pp=namespaced/Api.X11.Xtestext1.pp
src/xinerama.pp=namespaced/Api.X11.Xinerama.pp
src/xf86dga.pp=namespaced/Api.X11.Xf86dga.pp
src/dpms.pp=namespaced/Api.X11.Dpms.pp
src/xcms.pp=namespaced/Api.X11.Xcms.pp
src/xatom.pp=namespaced/Api.X11.Xatom.pp
src/xi.pp=namespaced/Api.X11.Xi.pp
src/xlib.pp=namespaced/Api.X11.Xlib.pp
src/xag.pp=namespaced/Api.X11.Xag.pp
src/xcup.pp=namespaced/Api.X11.Xcup.pp
src/xinput.pp=namespaced/Api.X11.Xinput.pp
src/mitmisc.pp=namespaced/Api.X11.Mitmisc.pp
src/xi2.pp=namespaced/Api.X11.Xi2.pp
src/security.pp=namespaced/Api.X11.Security.pp
src/xlbx.pp=namespaced/Api.X11.Xlbx.pp
src/xfixes.pp=namespaced/Api.X11.Xfixes.pp
src/xf86vmode.pp=namespaced/Api.X11.Xf86vmode.pp
src/xkblib.pp=namespaced/Api.X11.Xkblib.pp
src/xext.pp=namespaced/Api.X11.Xext.pp
src/fontconfig.pas=namespaced/Api.X11.Fontconfig.pas
src/cursorfont.pp=namespaced/Api.X11.Cursorfont.pp
src/xshm.pp=namespaced/Api.X11.Xshm.pp
src/xf86keysym.pp=namespaced/Api.X11.Xf86keysym.pp
src/xresource.pp=namespaced/Api.X11.Xresource.pp
src/keysym.pp=namespaced/Api.X11.Keysym.pp
src/hpkeysym.pp=namespaced/Api.X11.Hpkeysym.pp
src/sync.pp=namespaced/Api.X11.Sync.pp
src/multibuf.pp=namespaced/Api.X11.Multibuf.pp
src/xrender.pp=namespaced/Api.X11.Xrender.pp
src/xv.pp=namespaced/Api.X11.Xv.pp
src/xdbe.pp=namespaced/Api.X11.Xdbe.pp
src/xutil.pp=namespaced/Api.X11.Xutil.pp
src/xft.pas=namespaced/Api.X11.Xft.pas
