src/jwawinwlx.pas=namespaced/WinApi.Jedi.Winwlx.pas
{s*:src/}=namespaced/
{i+:src/}
src/jwawshisotp.pas=namespaced/WinApi.Jedi.Wshisotp.pas
src/jwaimapi.pas=namespaced/WinApi.Jedi.Imapi.pas
src/jwawppstmsg.pas=namespaced/WinApi.Jedi.Wppstmsg.pas
src/jwabitscfg.pas=namespaced/WinApi.Jedi.Bitscfg.pas
src/jwaaf_irda.pas=namespaced/WinApi.Jedi.Af_irda.pas
src/jwawinsock.pas=namespaced/WinApi.Jedi.Winsock.pas
src/jwamstask.pas=namespaced/WinApi.Jedi.Mstask.pas
src/jwaws2bth.pas=namespaced/WinApi.Jedi.Ws2bth.pas
src/jwaiiscnfg.pas=namespaced/WinApi.Jedi.Iiscnfg.pas
src/jwaatalkwsh.pas=namespaced/WinApi.Jedi.Atalkwsh.pas
src/jwacryptuiapi.pas=namespaced/WinApi.Jedi.Cryptuiapi.pas
src/jwalmcons.pas=namespaced/WinApi.Jedi.Lmcons.pas
src/jwawinnls.pas=namespaced/WinApi.Jedi.Winnls.pas
src/jwacpl.pas=namespaced/WinApi.Jedi.Cpl.pas
src/jwawpapimsg.pas=namespaced/WinApi.Jedi.Wpapimsg.pas
src/jwaauthz.pas=namespaced/WinApi.Jedi.Authz.pas
src/jwapsapi.pas=namespaced/WinApi.Jedi.Psapi.pas
src/jwawinable.pas=namespaced/WinApi.Jedi.Winable.pas
src/jwaiadmext.pas=namespaced/WinApi.Jedi.Iadmext.pas
src/jwawpwizmsg.pas=namespaced/WinApi.Jedi.Wpwizmsg.pas
src/jwawincrypt.pas=namespaced/WinApi.Jedi.Wincrypt.pas
src/jwadsadmin.pas=namespaced/WinApi.Jedi.Dsadmin.pas
src/jwasporder.pas=namespaced/WinApi.Jedi.Sporder.pas
src/jwaipifcons.pas=namespaced/WinApi.Jedi.Ipifcons.pas
src/jwawpspihlp.pas=namespaced/WinApi.Jedi.Wpspihlp.pas
src/jwawindllnames.pas=namespaced/WinApi.Jedi.Windllnames.pas
src/jwarpcnterr.pas=namespaced/WinApi.Jedi.Rpcnterr.pas
src/jwaiprtrmib.pas=namespaced/WinApi.Jedi.Iprtrmib.pas
src/jwaaclapi.pas=namespaced/WinApi.Jedi.Aclapi.pas
src/jwaadsdb.pas=namespaced/WinApi.Jedi.Adsdb.pas
src/jwawinuser.pas=namespaced/WinApi.Jedi.Winuser.pas
src/jwawincred.pas=namespaced/WinApi.Jedi.Wincred.pas
src/jwaicmpapi.pas=namespaced/WinApi.Jedi.Icmpapi.pas
src/jwapdh.pas=namespaced/WinApi.Jedi.Pdh.pas
src/jwahtmlhelp.pas=namespaced/WinApi.Jedi.Htmlhelp.pas
src/jwalmaudit.pas=namespaced/WinApi.Jedi.Lmaudit.pas
src/jwaerrorrep.pas=namespaced/WinApi.Jedi.Errorrep.pas
src/jwaadssts.pas=namespaced/WinApi.Jedi.Adssts.pas
src/jwawindns.pas=namespaced/WinApi.Jedi.Windns.pas
src/jwawingdi.pas=namespaced/WinApi.Jedi.Wingdi.pas
src/jwareason.pas=namespaced/WinApi.Jedi.Reason.pas
src/jwaioevent.pas=namespaced/WinApi.Jedi.Ioevent.pas
src/jwapbt.pas=namespaced/WinApi.Jedi.Pbt.pas
src/jwawpcrsmsg.pas=namespaced/WinApi.Jedi.Wpcrsmsg.pas
src/jwawintype.pas=namespaced/WinApi.Jedi.Wintype.pas
src/jwawinternl.pas=namespaced/WinApi.Jedi.Winternl.pas
src/jwawptypes.pas=namespaced/WinApi.Jedi.Wptypes.pas
src/jwaws2dnet.pas=namespaced/WinApi.Jedi.Ws2dnet.pas
src/jwalmerrlog.pas=namespaced/WinApi.Jedi.Lmerrlog.pas
src/jwawinbase.pas=namespaced/WinApi.Jedi.Winbase.pas
src/jwasubauth.pas=namespaced/WinApi.Jedi.Subauth.pas
src/jwascesvc.pas=namespaced/WinApi.Jedi.Scesvc.pas
src/jwalmalert.pas=namespaced/WinApi.Jedi.Lmalert.pas
src/jwaipinfoid.pas=namespaced/WinApi.Jedi.Ipinfoid.pas
src/jwauxtheme.pas=namespaced/WinApi.Jedi.Uxtheme.pas
src/jwaactivex.pas=namespaced/WinApi.Jedi.Activex.pas
src/jwawinsafer.pas=namespaced/WinApi.Jedi.Winsafer.pas
src/jwapatchwiz.pas=namespaced/WinApi.Jedi.Patchwiz.pas
src/jwalmat.pas=namespaced/WinApi.Jedi.Lmat.pas
src/jwaaclui.pas=namespaced/WinApi.Jedi.Aclui.pas
src/jwawtsapi32.pas=namespaced/WinApi.Jedi.Wtsapi32.pas
src/jwaisguids.pas=namespaced/WinApi.Jedi.Isguids.pas
src/jwaprsht.pas=namespaced/WinApi.Jedi.Prsht.pas
src/jwawinsock2.pas=namespaced/WinApi.Jedi.Winsock2.pas
src/jwawinldap.pas=namespaced/WinApi.Jedi.Winldap.pas
src/jwawinver.pas=namespaced/WinApi.Jedi.Winver.pas
src/jwaimapierror.pas=namespaced/WinApi.Jedi.Imapierror.pas
src/jwaadserr.pas=namespaced/WinApi.Jedi.Adserr.pas
src/jwabatclass.pas=namespaced/WinApi.Jedi.Batclass.pas
src/jwapdhmsg.pas=namespaced/WinApi.Jedi.Pdhmsg.pas
src/jwacderr.pas=namespaced/WinApi.Jedi.Cderr.pas
src/jwabthsdpdef.pas=namespaced/WinApi.Jedi.Bthsdpdef.pas
src/jwafaxext.pas=namespaced/WinApi.Jedi.Faxext.pas
src/ModuleLoader.pas=namespaced/WinApi.Jedi.ModuleLoader.pas
src/jwawpapi.pas=namespaced/WinApi.Jedi.Wpapi.pas
src/jwabthdef.pas=namespaced/WinApi.Jedi.Bthdef.pas
src/jwasvcguid.pas=namespaced/WinApi.Jedi.Svcguid.pas
src/jwawsrm.pas=namespaced/WinApi.Jedi.Wsrm.pas
src/jwaobjsel.pas=namespaced/WinApi.Jedi.Objsel.pas
src/jwaprofinfo.pas=namespaced/WinApi.Jedi.Profinfo.pas
src/jwawincpl.pas=namespaced/WinApi.Jedi.Wincpl.pas
src/jwawinnetwk.pas=namespaced/WinApi.Jedi.Winnetwk.pas
src/jwaadsprop.pas=namespaced/WinApi.Jedi.Adsprop.pas
src/jwarpc.pas=namespaced/WinApi.Jedi.Rpc.pas
src/jwaregstr.pas=namespaced/WinApi.Jedi.Regstr.pas
src/jwawsipx.pas=namespaced/WinApi.Jedi.Wsipx.pas
src/jwafaxroute.pas=namespaced/WinApi.Jedi.Faxroute.pas
src/jwasddl.pas=namespaced/WinApi.Jedi.Sddl.pas
src/jwawinreg.pas=namespaced/WinApi.Jedi.Winreg.pas
src/jwauserenv.pas=namespaced/WinApi.Jedi.Userenv.pas
src/jwawinperf.pas=namespaced/WinApi.Jedi.Winperf.pas
src/jwaiptypes.pas=namespaced/WinApi.Jedi.Iptypes.pas
src/buildjwa.pp=namespaced/WinApi.Jedi.Buildjwa.pp
src/jwawinber.pas=namespaced/WinApi.Jedi.Winber.pas
src/jwaactiveds.pas=namespaced/WinApi.Jedi.Activeds.pas
src/jwasnmp.pas=namespaced/WinApi.Jedi.Snmp.pas
src/jwaqossp.pas=namespaced/WinApi.Jedi.Qossp.pas
src/jwasecext.pas=namespaced/WinApi.Jedi.Secext.pas
src/jwawinfax.pas=namespaced/WinApi.Jedi.Winfax.pas
src/jwadde.pas=namespaced/WinApi.Jedi.Dde.pas
src/jwavista.pas=namespaced/WinApi.Jedi.Vista.pas
src/jwalmuse.pas=namespaced/WinApi.Jedi.Lmuse.pas
src/jwawownt16.pas=namespaced/WinApi.Jedi.Wownt16.pas
src/jwawsnwlink.pas=namespaced/WinApi.Jedi.Wsnwlink.pas
src/jwafaxmmc.pas=namespaced/WinApi.Jedi.Faxmmc.pas
src/jwaiphlpapi.pas=namespaced/WinApi.Jedi.Iphlpapi.pas
src/jwantstatus.pas=namespaced/WinApi.Jedi.Ntstatus.pas
src/jwafaxdev.pas=namespaced/WinApi.Jedi.Faxdev.pas
src/jwamsiquery.pas=namespaced/WinApi.Jedi.Msiquery.pas
src/jwawpftpmsg.pas=namespaced/WinApi.Jedi.Wpftpmsg.pas
src/jwawindows.pas=namespaced/WinApi.Jedi.Windows.pas
src/jwanb30.pas=namespaced/WinApi.Jedi.Nb30.pas
src/jwaqospol.pas=namespaced/WinApi.Jedi.Qospol.pas
src/jwamprerror.pas=namespaced/WinApi.Jedi.Mprerror.pas
src/jwawsnetbs.pas=namespaced/WinApi.Jedi.Wsnetbs.pas
src/jwaime.pas=namespaced/WinApi.Jedi.Ime.pas
src/jwapatchapi.pas=namespaced/WinApi.Jedi.Patchapi.pas
src/jwazmouse.pas=namespaced/WinApi.Jedi.Zmouse.pas
src/jwahherror.pas=namespaced/WinApi.Jedi.Hherror.pas
src/jwawinioctl.pas=namespaced/WinApi.Jedi.Winioctl.pas
src/jwaadsnms.pas=namespaced/WinApi.Jedi.Adsnms.pas
src/jwantldap.pas=namespaced/WinApi.Jedi.Ntldap.pas
src/jwatraffic.pas=namespaced/WinApi.Jedi.Traffic.pas
src/jwamstcpip.pas=namespaced/WinApi.Jedi.Mstcpip.pas
src/jwaqos.pas=namespaced/WinApi.Jedi.Qos.pas
src/jwaws2spi.pas=namespaced/WinApi.Jedi.Ws2spi.pas
src/jwasspi.pas=namespaced/WinApi.Jedi.Sspi.pas
src/jwawinsvc.pas=namespaced/WinApi.Jedi.Winsvc.pas
src/jwacplext.pas=namespaced/WinApi.Jedi.Cplext.pas
src/jwahtmlguid.pas=namespaced/WinApi.Jedi.Htmlguid.pas
src/jwawinresrc.pas=namespaced/WinApi.Jedi.Winresrc.pas
src/jwalmdfs.pas=namespaced/WinApi.Jedi.Lmdfs.pas
src/jwaauthif.pas=namespaced/WinApi.Jedi.Authif.pas
src/jwawinerror.pas=namespaced/WinApi.Jedi.Winerror.pas
src/jwadbt.pas=namespaced/WinApi.Jedi.Dbt.pas
src/jwabits.pas=namespaced/WinApi.Jedi.Bits.pas
src/jwanative.pas=namespaced/WinApi.Jedi.Native.pas
src/jwabugcodes.pas=namespaced/WinApi.Jedi.Bugcodes.pas
src/jwamsi.pas=namespaced/WinApi.Jedi.Msi.pas
src/jwaschedule.pas=namespaced/WinApi.Jedi.Schedule.pas
src/jwalmshare.pas=namespaced/WinApi.Jedi.Lmshare.pas
src/jwabluetoothapis.pas=namespaced/WinApi.Jedi.Bluetoothapis.pas
src/jwadsrole.pas=namespaced/WinApi.Jedi.Dsrole.pas
src/jwantsecapi.pas=namespaced/WinApi.Jedi.Ntsecapi.pas
src/jwabits1_5.pas=namespaced/WinApi.Jedi.Bits1_5.pas
src/jwacmnquery.pas=namespaced/WinApi.Jedi.Cmnquery.pas
src/jwanspapi.pas=namespaced/WinApi.Jedi.Nspapi.pas
src/jwadsgetdc.pas=namespaced/WinApi.Jedi.Dsgetdc.pas
src/jwalmjoin.pas=namespaced/WinApi.Jedi.Lmjoin.pas
src/jwarpcdce.pas=namespaced/WinApi.Jedi.Rpcdce.pas
src/jwadhcpcsdk.pas=namespaced/WinApi.Jedi.Dhcpcsdk.pas
src/jwantdsbmsg.pas=namespaced/WinApi.Jedi.Ntdsbmsg.pas
src/jwagpedit.pas=namespaced/WinApi.Jedi.Gpedit.pas
src/jwarpcasync.pas=namespaced/WinApi.Jedi.Rpcasync.pas
src/jwaipexport.pas=namespaced/WinApi.Jedi.Ipexport.pas
src/jwaiaccess.pas=namespaced/WinApi.Jedi.Iaccess.pas
src/jwantdsbcli.pas=namespaced/WinApi.Jedi.Ntdsbcli.pas
src/jwalm.pas=namespaced/WinApi.Jedi.Lm.pas
src/jwantquery.pas=namespaced/WinApi.Jedi.Ntquery.pas
src/jwadhcpsapi.pas=namespaced/WinApi.Jedi.Dhcpsapi.pas
src/jwalmsname.pas=namespaced/WinApi.Jedi.Lmsname.pas
src/jwacolordlg.pas=namespaced/WinApi.Jedi.Colordlg.pas
src/jwapowrprof.pas=namespaced/WinApi.Jedi.Powrprof.pas
src/jwalmremutl.pas=namespaced/WinApi.Jedi.Lmremutl.pas
src/jwasrrestoreptapi.pas=namespaced/WinApi.Jedi.Srrestoreptapi.pas
src/jwalmwksta.pas=namespaced/WinApi.Jedi.Lmwksta.pas
src/jwaws2tcpip.pas=namespaced/WinApi.Jedi.Ws2tcpip.pas
src/jwaqosname.pas=namespaced/WinApi.Jedi.Qosname.pas
src/jwantdsapi.pas=namespaced/WinApi.Jedi.Ntdsapi.pas
src/jwarpcssl.pas=namespaced/WinApi.Jedi.Rpcssl.pas
src/jwalmapibuf.pas=namespaced/WinApi.Jedi.Lmapibuf.pas
src/jwalmaccess.pas=namespaced/WinApi.Jedi.Lmaccess.pas
src/jwawinefs.pas=namespaced/WinApi.Jedi.Winefs.pas
src/jwaschemadef.pas=namespaced/WinApi.Jedi.Schemadef.pas
src/jwalmserver.pas=namespaced/WinApi.Jedi.Lmserver.pas
src/jwawownt32.pas=namespaced/WinApi.Jedi.Wownt32.pas
src/jwasisbkup.pas=namespaced/WinApi.Jedi.Sisbkup.pas
src/jwadsquery.pas=namespaced/WinApi.Jedi.Dsquery.pas
src/jwalmmsg.pas=namespaced/WinApi.Jedi.Lmmsg.pas
src/jwaimagehlp.pas=namespaced/WinApi.Jedi.Imagehlp.pas
src/jwarpcnsi.pas=namespaced/WinApi.Jedi.Rpcnsi.pas
src/jwawinnt.pas=namespaced/WinApi.Jedi.Winnt.pas
src/jwalmuseflg.pas=namespaced/WinApi.Jedi.Lmuseflg.pas
src/jwawincon.pas=namespaced/WinApi.Jedi.Wincon.pas
src/jwatlhelp32.pas=namespaced/WinApi.Jedi.Tlhelp32.pas
src/jwasensapi.pas=namespaced/WinApi.Jedi.Sensapi.pas
src/jwalmerr.pas=namespaced/WinApi.Jedi.Lmerr.pas
src/jwasens.pas=namespaced/WinApi.Jedi.Sens.pas
src/jwantddpar.pas=namespaced/WinApi.Jedi.Ntddpar.pas
src/jwabitsmsg.pas=namespaced/WinApi.Jedi.Bitsmsg.pas
src/jwalmstats.pas=namespaced/WinApi.Jedi.Lmstats.pas
src/jwadlgs.pas=namespaced/WinApi.Jedi.Dlgs.pas
src/jwaadtgen.pas=namespaced/WinApi.Jedi.Adtgen.pas
src/jwadssec.pas=namespaced/WinApi.Jedi.Dssec.pas
src/jwaaccctrl.pas=namespaced/WinApi.Jedi.Accctrl.pas
src/jwadskquota.pas=namespaced/WinApi.Jedi.Dskquota.pas
src/jwamsidefs.pas=namespaced/WinApi.Jedi.Msidefs.pas
src/jwaadstlb.pas=namespaced/WinApi.Jedi.Adstlb.pas
src/jwacarderr.pas=namespaced/WinApi.Jedi.Carderr.pas
src/jwawbemcli.pas=namespaced/WinApi.Jedi.Wbemcli.pas
src/jwashlguid.pas=namespaced/WinApi.Jedi.Shlguid.pas
src/jwamswsock.pas=namespaced/WinApi.Jedi.Mswsock.pas
src/jwawsvns.pas=namespaced/WinApi.Jedi.Wsvns.pas
src/jwalpmapi.pas=namespaced/WinApi.Jedi.Lpmapi.pas
src/jwalmsvc.pas=namespaced/WinApi.Jedi.Lmsvc.pas
src/jwasensevts.pas=namespaced/WinApi.Jedi.Sensevts.pas
src/jwawmistr.pas=namespaced/WinApi.Jedi.Wmistr.pas
src/jwaissper16.pas=namespaced/WinApi.Jedi.Issper16.pas
src/jwanetsh.pas=namespaced/WinApi.Jedi.Netsh.pas
src/jwasecurity.pas=namespaced/WinApi.Jedi.Security.pas
src/jwadhcpssdk.pas=namespaced/WinApi.Jedi.Dhcpssdk.pas
src/jwaexcpt.pas=namespaced/WinApi.Jedi.Excpt.pas
src/jwamciavi.pas=namespaced/WinApi.Jedi.Mciavi.pas
src/jwaprotocol.pas=namespaced/WinApi.Jedi.Protocol.pas
src/jwaws2atm.pas=namespaced/WinApi.Jedi.Ws2atm.pas
src/jwawinsta.pas=namespaced/WinApi.Jedi.Winsta.pas
src/jwasfc.pas=namespaced/WinApi.Jedi.Sfc.pas
src/jwadsclient.pas=namespaced/WinApi.Jedi.Dsclient.pas
src/jwalmrepl.pas=namespaced/WinApi.Jedi.Lmrepl.pas
src/jwaadshlp.pas=namespaced/WinApi.Jedi.Adshlp.pas
src/jwablberr.pas=namespaced/WinApi.Jedi.Blberr.pas
src/jwalmconfig.pas=namespaced/WinApi.Jedi.Lmconfig.pas
src/jwatmschema.pas=namespaced/WinApi.Jedi.Tmschema.pas
src/jwaloadperf.pas=namespaced/WinApi.Jedi.Loadperf.pas
