src/base/xsd_generator.pas=namespaced/Sdo.Xsd.Generator.pas
{s*:src/base/}=namespaced/
{i+:src/base/}
src/base/sdo_field_imp.pas=namespaced/Sdo.Field.Impl.pas
src/base/sdo_dataobject.pas=namespaced/Sdo.DataObject.pas
src/base/sdo_serialization.pas=namespaced/Sdo.Serialization.pas
src/base/sdo_binary_streamer.pas=namespaced/Sdo.Binary.Streamer.pas
src/base/sdo_parserutils.pas=namespaced/Sdo.Parser.Utils.pas
src/base/sdo_linked_list.pas=namespaced/Sdo.LinkedList.pas
src/base/sdo.pas=namespaced/Sdo.Base.pas
src/base/sdo_date_utils.pas=namespaced/Sdo.DateUtils.pas
src/base/sdo_serialization_binary.pas=namespaced/Sdo.Serialization.Binary.pas
src/base/sdo_xpath_helper.pas=namespaced/Sdo.Xpath.Helper.pas
src/base/sdo_logger_intf.pas=namespaced/Sdo.Logger.Intf.pas
src/base/sdo_consts.pas=namespaced/Sdo.Consts.pas
src/base/sdo_xsd_helper.pas=namespaced/Sdo.Xsd.Helper.pas
src/base/sdo_dom_cursors.pas=namespaced/Sdo.Dom.Cursors.pas
src/base/sdo_fpc_xml.pas=namespaced/Sdo.Fpc.Xml.pas
src/base/sdo_type.pas=namespaced/Sdo.Types.pas
src/base/sdo_serialization_xml.pas=namespaced/Sdo.Serialization.Xml.pas
src/base/sdo_imp_utils.pas=namespaced/Sdo.Impl.Utils.pas
src/base/sdo_locators.pas=namespaced/Sdo.Locators.pas
src/base/sdo_datafactory.pas=namespaced/Sdo.Data.Factory.pas
src/base/xsd_consts.pas=namespaced/Sdo.Xsd.Consts.pas
src/base/sdo_serialization_utils.pas=namespaced/Sdo.Serialization.Utils.pas
src/base/pas_generator.pas=namespaced/Sdo.Pas.Generator.pas
src/base/sdo_types.pas=namespaced/Sdo.BaseTypes.pas
src/base/sdo_rtti_filters.pas=namespaced/Sdo.Rtti.Filters.pas
src/base/sdo_xsdparser.pas=namespaced/Sdo.Xsd.Parser.pas
src/base/sdo_xsdintf.pas=namespaced/Sdo.Xsd.Intf.pas
src/base/sdo_utils.pas=namespaced/Sdo.Utils.pas
src/base/sdo_cursor_intf.pas=namespaced/Sdo.Cursor.Intf.pas
src/base/sdo_changesummary.pas=namespaced/Sdo.ChangeSummary.pas
src/das/sdo_das_imp.pas=namespaced/Sdo.Das.Impl.pas
{s*:src/das/}=namespaced/
{i+:src/das/}
src/das/sdo_das_utils.pas=namespaced/Sdo.Das.Utils.pas
src/das/data_acces_intf.pas=namespaced/Sdo.Das.DataAcces.Intf.pas
src/das/sdo_das.pas=namespaced/Sdo.Das.pas
