src/coreunits/bullet.pas=namespaced/Amiga.Core.Bullet.pas
{s*:src/coreunits/}=namespaced/
{i+:src/coreunits/}
src/coreunits/colorwheel.pas=namespaced/Amiga.Core.Colorwheel.pas
src/coreunits/hardblocks.pas=namespaced/Amiga.Core.Hardblocks.pas
src/coreunits/gadtools.pas=namespaced/Amiga.Core.Gadtools.pas
src/coreunits/bootblock.pas=namespaced/Amiga.Core.Bootblock.pas
src/coreunits/console.pas=namespaced/Amiga.Core.Console.pas
src/coreunits/utility.pas=namespaced/Amiga.Core.Utility.pas
src/coreunits/trackdisk.pas=namespaced/Amiga.Core.Trackdisk.pas
src/coreunits/prtgfx.pas=namespaced/Amiga.Core.Prtgfx.pas
src/coreunits/datatypes.pas=namespaced/Amiga.Core.Datatypes.pas
src/coreunits/audio.pas=namespaced/Amiga.Core.Audio.pas
src/coreunits/realtime.pas=namespaced/Amiga.Core.Realtime.pas
src/coreunits/expansionbase.pas=namespaced/Amiga.Core.Expansionbase.pas
src/coreunits/exec.pas=namespaced/Amiga.Core.Exec.pas
src/coreunits/workbench.pas=namespaced/Amiga.Core.Workbench.pas
src/coreunits/scsidisk.pas=namespaced/Amiga.Core.Scsidisk.pas
src/coreunits/tapedeck.pas=namespaced/Amiga.Core.Tapedeck.pas
src/coreunits/icon.pas=namespaced/Amiga.Core.Icon.pas
src/coreunits/romboot_base.pas=namespaced/Amiga.Core.Romboot_base.pas
src/coreunits/hardware.pas=namespaced/Amiga.Core.Hardware.pas
src/coreunits/parallel.pas=namespaced/Amiga.Core.Parallel.pas
src/coreunits/gradientslider.pas=namespaced/Amiga.Core.Gradientslider.pas
src/coreunits/keymap.pas=namespaced/Amiga.Core.Keymap.pas
src/coreunits/akeyboard.pas=namespaced/Amiga.Core.Akeyboard.pas
src/coreunits/configvars.pas=namespaced/Amiga.Core.Configvars.pas
src/coreunits/commodities.pas=namespaced/Amiga.Core.Commodities.pas
src/coreunits/lowlevel.pas=namespaced/Amiga.Core.Lowlevel.pas
src/coreunits/serial.pas=namespaced/Amiga.Core.Serial.pas
src/coreunits/amigaguide.pas=namespaced/Amiga.Core.Amigaguide.pas
src/coreunits/agraphics.pas=namespaced/Amiga.Core.Agraphics.pas
src/coreunits/nonvolatile.pas=namespaced/Amiga.Core.Nonvolatile.pas
src/coreunits/translator.pas=namespaced/Amiga.Core.Translator.pas
src/coreunits/conunit.pas=namespaced/Amiga.Core.Conunit.pas
src/coreunits/cd.pas=namespaced/Amiga.Core.Cd.pas
src/coreunits/prefs.pas=namespaced/Amiga.Core.Prefs.pas
src/coreunits/layers.pas=namespaced/Amiga.Core.Layers.pas
src/coreunits/diskfont.pas=namespaced/Amiga.Core.Diskfont.pas
src/coreunits/amigaprinter.pas=namespaced/Amiga.Core.Amigaprinter.pas
src/coreunits/timer.pas=namespaced/Amiga.Core.Timer.pas
src/coreunits/gameport.pas=namespaced/Amiga.Core.Gameport.pas
src/coreunits/rexx.pas=namespaced/Amiga.Core.Rexx.pas
src/coreunits/iffparse.pas=namespaced/Amiga.Core.Iffparse.pas
src/coreunits/input.pas=namespaced/Amiga.Core.Input.pas
src/coreunits/configregs.pas=namespaced/Amiga.Core.Configregs.pas
src/coreunits/intuition.pas=namespaced/Amiga.Core.Intuition.pas
src/coreunits/asl.pas=namespaced/Amiga.Core.Asl.pas
src/coreunits/locale.pas=namespaced/Amiga.Core.Locale.pas
src/coreunits/prtbase.pas=namespaced/Amiga.Core.Prtbase.pas
src/coreunits/expansion.pas=namespaced/Amiga.Core.Expansion.pas
src/coreunits/inputevent.pas=namespaced/Amiga.Core.Inputevent.pas
src/coreunits/amigados.pas=namespaced/Amiga.Core.Amigados.pas
src/coreunits/clipboard.pas=namespaced/Amiga.Core.Clipboard.pas
src/coreunits/amigalib.pas=namespaced/Amiga.Core.Amigalib.pas
src/utilunits/wbargs.pas=namespaced/Amiga.Utils.Wbargs.pas
{s*:src/utilunits/}=namespaced/
{i+:src/utilunits/}
src/utilunits/vartags.pas=namespaced/Amiga.Utils.Vartags.pas
src/utilunits/linklist.pas=namespaced/Amiga.Utils.Linklist.pas
src/utilunits/easyasl.pas=namespaced/Amiga.Utils.Easyasl.pas
src/utilunits/tagsarray.pas=namespaced/Amiga.Utils.Tagsarray.pas
src/utilunits/pastoc.pas=namespaced/Amiga.Utils.Pastoc.pas
src/utilunits/doublebuffer.pas=namespaced/Amiga.Utils.Doublebuffer.pas
src/utilunits/amigautils.pas=namespaced/Amiga.Utils.Amigautils.pas
src/utilunits/consoleio.pas=namespaced/Amiga.Utils.Consoleio.pas
src/utilunits/deadkeys.pas=namespaced/Amiga.Utils.Deadkeys.pas
src/utilunits/timerutils.pas=namespaced/Amiga.Utils.Timerutils.pas
src/utilunits/hisoft.pas=namespaced/Amiga.Utils.Hisoft.pas
src/otherlibs/tritonmacros.pas=namespaced/Amiga.Other.Tritonmacros.pas
{s*:src/otherlibs/}=namespaced/
{i+:src/otherlibs/}
src/otherlibs/mui.pas=namespaced/Amiga.Other.Mui.pas
src/otherlibs/mysticview.pas=namespaced/Amiga.Other.Mysticview.pas
src/otherlibs/ptreplay.pas=namespaced/Amiga.Other.Ptreplay.pas
src/otherlibs/xadmaster.pas=namespaced/Amiga.Other.Xadmaster.pas
src/otherlibs/identify.pas=namespaced/Amiga.Other.Identify.pas
src/otherlibs/preferences.pas=namespaced/Amiga.Other.Preferences.pas
src/otherlibs/lucyplay.pas=namespaced/Amiga.Other.Lucyplay.pas
src/otherlibs/ttengine.pas=namespaced/Amiga.Other.Ttengine.pas
src/otherlibs/gtlayout.pas=namespaced/Amiga.Other.Gtlayout.pas
src/otherlibs/render.pas=namespaced/Amiga.Other.Render.pas
src/otherlibs/amarquee.pas=namespaced/Amiga.Other.Amarquee.pas
src/otherlibs/ahi_sub.pas=namespaced/Amiga.Other.Ahi_sub.pas
src/otherlibs/reqtools.pas=namespaced/Amiga.Other.Reqtools.pas
src/otherlibs/triton.pas=namespaced/Amiga.Other.Triton.pas
src/otherlibs/cybergraphics.pas=namespaced/Amiga.Other.Cybergraphics.pas
src/otherlibs/ahi.pas=namespaced/Amiga.Other.Ahi.pas
src/otherlibs/zlib.pas=namespaced/Amiga.Other.Zlib.pas
src/otherlibs/guigfx.pas=namespaced/Amiga.Other.Guigfx.pas
src/otherlibs/picasso96api.pas=namespaced/Amiga.Other.Picasso96api.pas
