src/reswriter.pp=namespaced/System.Resources.Writer.pp
{s*:src/}=namespaced/
{i+:src/}
src/fpcrestypes.pp=namespaced/System.Resources.Types.pp
src/rcparser.pas=namespaced/System.Resources.Rc.Parser.pas
src/versionresource.pp=namespaced/System.Resources.Version.pp
src/coffreader.pp=namespaced/System.Resources.Coff.Reader.pp
src/cofftypes.pp=namespaced/System.Resources.Coff.Types.pp
src/resdatastream.pp=namespaced/System.Resources.DataStream.pp
src/externaltypes.pp=namespaced/System.Resources.External.Types.pp
src/bitmapresource.pp=namespaced/System.Resources.Bitmap.pp
src/elftypes.pp=namespaced/System.Resources.Elf.Types.pp
src/rcreader.pp=namespaced/System.Resources.Rc.Reader.pp
src/xcoffwriter.pp=namespaced/System.Resources.XCoff.Writer.pp
src/winpeimagereader.pp=namespaced/System.Resources.WinPeImage.Reader.pp
src/machotypes.pp=namespaced/System.Resources.Macho.Types.pp
src/externalreader.pp=namespaced/System.Resources.External.Reader.pp
src/resreader.pp=namespaced/System.Resources.Reader.pp
src/groupresource.pp=namespaced/System.Resources.Group.pp
src/resmerger.pp=namespaced/System.Resources.Merger.pp
src/coffwriter.pp=namespaced/System.Resources.Coff.Writer.pp
src/resourcetree.pp=namespaced/System.Resources.Tree.pp
src/groupiconresource.pp=namespaced/System.Resources.GroupIcon.pp
src/groupcursorresource.pp=namespaced/System.Resources.GroupCursor.pp
src/machoconsts.pp=namespaced/System.Resources.Macho.Consts.pp
src/versionconsts.pp=namespaced/System.Resources.VersionConsts.pp
src/strtable.pp=namespaced/System.Resources.StringTable.Types.pp
src/externalwriter.pp=namespaced/System.Resources.External.Writer.pp
src/elfwriter.pp=namespaced/System.Resources.Elf.Writer.pp
src/dfmreader.pp=namespaced/System.Resources.Dfm.Reader.pp
src/acceleratorsresource.pp=namespaced/System.Resources.Accelerator.pp
src/tlbreader.pp=namespaced/System.Resources.Tlb.Reader.pp
src/icocurtypes.pp=namespaced/System.Resources.GroupTypes.pp
src/coffconsts.pp=namespaced/System.Resources.Coff.Consts.pp
src/elfconsts.pp=namespaced/System.Resources.Elf.Consts.pp
src/elfreader.pp=namespaced/System.Resources.Elf.Reader.pp
src/machoreader.pp=namespaced/System.Resources.Macho.Reader.pp
src/versiontypes.pp=namespaced/System.Resources.VersionTypes.pp
src/stringtableresource.pp=namespaced/System.Resources.StringTable.pp
src/machowriter.pp=namespaced/System.Resources.Macho.Writer.pp
src/resource.pp=namespaced/System.Resources.Resource.pp
src/resfactory.pp=namespaced/System.Resources.Factory.pp
