src/pas2jscompilercfg.pp=namespaced/Pas2Js.Compiler.Config.pp
{s*:src/}=namespaced/
{i+:src/}
src/pas2jsutils.pp=namespaced/Pas2Js.Utils.pp
src/pas2jsresources.pp=namespaced/Pas2Js.Resources.pp
src/pas2jspcucompiler.pp=namespaced/Pas2Js.Compiler.Pcu.pp
src/pas2jspparser.pp=namespaced/Pas2Js.Parser.pp
src/pas2jsfscompiler.pp=namespaced/Pas2Js.Compiler.Files.pp
src/pas2jsuseanalyzer.pp=namespaced/Pas2Js.UseAnalyzer.pp
src/pas2jsjsresources.pp=namespaced/Pas2Js.Resources.Js.pp
src/pas2jsresstrfile.pp=namespaced/Pas2Js.Resources.Strings.pp
src/pas2jslibcompiler.pp=namespaced/Pas2Js.Compiler.Lib.pp
src/pas2jsfileutils.pp=namespaced/Pas2Js.Files.Utils.pp
src/pas2jscompilerpp.pp=namespaced/Pas2Js.Compiler.PostProcess.pp
src/fppas2js.pp=namespaced/Pas2Js.Compiler.Transpiler.pp
src/fppjssrcmap.pp=namespaced/Pas2Js.SrcMap.pp
src/pas2jshtmlresources.pp=namespaced/Pas2Js.Resources.Html.pp
src/pas2jsfs.pp=namespaced/Pas2Js.Files.Fs.pp
src/pas2jsfilecache.pp=namespaced/Pas2Js.Files.Cache.pp
src/pas2jsfiler.pp=namespaced/Pas2Js.Filer.pp
src/pas2jslogger.pp=namespaced/Pas2Js.Logger.pp
src/pas2jscompiler.pp=namespaced/Pas2Js.Compiler.Base.pp
