src/CloudKit.pas=namespaced/Api.Cocoa.CloudKit.pas
{s*:src/}=namespaced/
{i+:src/}
src/PDFKit.pas=namespaced/Api.Cocoa.PDFKit.pas
src/CoreMediaIO.pas=namespaced/Api.Cocoa.CoreMediaIO.pas
src/CalendarStore.pas=namespaced/Api.Cocoa.CalendarStore.pas
src/CoreData.pas=namespaced/Api.Cocoa.CoreData.pas
src/DefinedClassesIOBluetoothUI.pas=namespaced/Api.Cocoa.DefinedClassesIOBluetoothUI.pas
src/GameKit.pas=namespaced/Api.Cocoa.GameKit.pas
src/QTKit.pas=namespaced/Api.Cocoa.QTKit.pas
src/ScreenSaver.pas=namespaced/Api.Cocoa.ScreenSaver.pas
src/Collaboration.pas=namespaced/Api.Cocoa.Collaboration.pas
src/DefinedClassesIOBluetooth.pas=namespaced/Api.Cocoa.DefinedClassesIOBluetooth.pas
src/DefinedClassesAVKit.pas=namespaced/Api.Cocoa.DefinedClassesAVKit.pas
src/CoreAudioKit.pas=namespaced/Api.Cocoa.CoreAudioKit.pas
src/MapKit.pas=namespaced/Api.Cocoa.MapKit.pas
src/DefinedClassesOSAKit.pas=namespaced/Api.Cocoa.DefinedClassesOSAKit.pas
src/CoreGraphics.pas=namespaced/Api.Cocoa.CoreGraphics.pas
src/OSAKit.pas=namespaced/Api.Cocoa.OSAKit.pas
src/IOBluetoothUI.pas=namespaced/Api.Cocoa.IOBluetoothUI.pas
src/DefinedClassesCloudKit.pas=namespaced/Api.Cocoa.DefinedClassesCloudKit.pas
src/Social.pas=namespaced/Api.Cocoa.Social.pas
src/ImageKit.pas=namespaced/Api.Cocoa.ImageKit.pas
src/CoreMedia.pas=namespaced/Api.Cocoa.CoreMedia.pas
src/DefinedClassesQuickLookUI.pas=namespaced/Api.Cocoa.DefinedClassesQuickLookUI.pas
src/EventKit.pas=namespaced/Api.Cocoa.EventKit.pas
src/InputMethodKit.pas=namespaced/Api.Cocoa.InputMethodKit.pas
src/DefinedClassesAudioVideoBridging.pas=namespaced/Api.Cocoa.DefinedClassesAudioVideoBridging.pas
src/PreferencePanes.pas=namespaced/Api.Cocoa.PreferencePanes.pas
src/DefinedClassesSecurityInterface.pas=namespaced/Api.Cocoa.DefinedClassesSecurityInterface.pas
src/StoreKit.pas=namespaced/Api.Cocoa.StoreKit.pas
src/GLKit.pas=namespaced/Api.Cocoa.GLKit.pas
src/CoreBluetooth.pas=namespaced/Api.Cocoa.CoreBluetooth.pas
src/CocoaAll.pas=namespaced/Api.Cocoa.CocoaAll.pas
src/DefinedClassesSceneKit.pas=namespaced/Api.Cocoa.DefinedClassesSceneKit.pas
src/DefinedClassesQuartzFilters.pas=namespaced/Api.Cocoa.DefinedClassesQuartzFilters.pas
src/DefinedClassesInstantMessage.pas=namespaced/Api.Cocoa.DefinedClassesInstantMessage.pas
src/Automator.pas=namespaced/Api.Cocoa.Automator.pas
src/DefinedClassesCoreMediaIO.pas=namespaced/Api.Cocoa.DefinedClassesCoreMediaIO.pas
src/DefinedClassesQTKit.pas=namespaced/Api.Cocoa.DefinedClassesQTKit.pas
src/Accounts.pas=namespaced/Api.Cocoa.Accounts.pas
src/DefinedClassesQuartzCore.pas=namespaced/Api.Cocoa.DefinedClassesQuartzCore.pas
src/DefinedClassesGameController.pas=namespaced/Api.Cocoa.DefinedClassesGameController.pas
src/DefinedClassesLocalAuthentication.pas=namespaced/Api.Cocoa.DefinedClassesLocalAuthentication.pas
src/DefinedClassesAppleScriptObjC.pas=namespaced/Api.Cocoa.DefinedClassesAppleScriptObjC.pas
src/QuartzCore.pas=namespaced/Api.Cocoa.QuartzCore.pas
src/iTunesLibrary.pas=namespaced/Api.Cocoa.ITunesLibrary.pas
src/Foundation.pas=namespaced/Api.Cocoa.Foundation.pas
src/AVFoundation.pas=namespaced/Api.Cocoa.AVFoundation.pas
src/DefinedClassesPubSub.pas=namespaced/Api.Cocoa.DefinedClassesPubSub.pas
src/SpriteKit.pas=namespaced/Api.Cocoa.SpriteKit.pas
src/DefinedClassesCoreAudio.pas=namespaced/Api.Cocoa.DefinedClassesCoreAudio.pas
src/DefinedClassesAppKit.pas=namespaced/Api.Cocoa.DefinedClassesAppKit.pas
src/DefinedClassesCoreLocation.pas=namespaced/Api.Cocoa.DefinedClassesCoreLocation.pas
src/DefinedClassesCryptoTokenKit.pas=namespaced/Api.Cocoa.DefinedClassesCryptoTokenKit.pas
src/DefinedClassesCoreBluetooth.pas=namespaced/Api.Cocoa.DefinedClassesCoreBluetooth.pas
src/DefinedClassesStoreKit.pas=namespaced/Api.Cocoa.DefinedClassesStoreKit.pas
src/DefinedClassesWebKit.pas=namespaced/Api.Cocoa.DefinedClassesWebKit.pas
src/AddressBook.pas=namespaced/Api.Cocoa.AddressBook.pas
src/DefinedClassesImageCaptureCore.pas=namespaced/Api.Cocoa.DefinedClassesImageCaptureCore.pas
src/InstantMessage.pas=namespaced/Api.Cocoa.InstantMessage.pas
src/CoreVideo.pas=namespaced/Api.Cocoa.CoreVideo.pas
src/DefinedClassesInputMethodKit.pas=namespaced/Api.Cocoa.DefinedClassesInputMethodKit.pas
src/DefinedClassesCoreVideo.pas=namespaced/Api.Cocoa.DefinedClassesCoreVideo.pas
src/NotificationCenter.pas=namespaced/Api.Cocoa.NotificationCenter.pas
src/ServiceManagement.pas=namespaced/Api.Cocoa.ServiceManagement.pas
src/DefinedClassesPDFKit.pas=namespaced/Api.Cocoa.DefinedClassesPDFKit.pas
src/QuickLookUI.pas=namespaced/Api.Cocoa.QuickLookUI.pas
src/DefinedClassesAccounts.pas=namespaced/Api.Cocoa.DefinedClassesAccounts.pas
src/DefinedClassesCoreImage.pas=namespaced/Api.Cocoa.DefinedClassesCoreImage.pas
src/DefinedClassesMediaAccessibility.pas=namespaced/Api.Cocoa.DefinedClassesMediaAccessibility.pas
src/DefinedClassesSocial.pas=namespaced/Api.Cocoa.DefinedClassesSocial.pas
src/DefinedClassesGLKit.pas=namespaced/Api.Cocoa.DefinedClassesGLKit.pas
src/DefinedClassesCoreAudioKit.pas=namespaced/Api.Cocoa.DefinedClassesCoreAudioKit.pas
src/MultipeerConnectivity.pas=namespaced/Api.Cocoa.MultipeerConnectivity.pas
src/WebKit.pas=namespaced/Api.Cocoa.WebKit.pas
src/DefinedClassesGameKit.pas=namespaced/Api.Cocoa.DefinedClassesGameKit.pas
src/DefinedClassesSyncServices.pas=namespaced/Api.Cocoa.DefinedClassesSyncServices.pas
src/LocalAuthentication.pas=namespaced/Api.Cocoa.LocalAuthentication.pas
src/SyncServices.pas=namespaced/Api.Cocoa.SyncServices.pas
src/DefinedClassesServiceManagement.pas=namespaced/Api.Cocoa.DefinedClassesServiceManagement.pas
src/DefinedClassesCollaboration.pas=namespaced/Api.Cocoa.DefinedClassesCollaboration.pas
src/AppKit.pas=namespaced/Api.Cocoa.AppKit.pas
src/DefinedClassesImageKit.pas=namespaced/Api.Cocoa.DefinedClassesImageKit.pas
src/CoreLocation.pas=namespaced/Api.Cocoa.CoreLocation.pas
src/DefinedClassesMediaLibrary.pas=namespaced/Api.Cocoa.DefinedClassesMediaLibrary.pas
src/DefinedClassesCoreFoundation.pas=namespaced/Api.Cocoa.DefinedClassesCoreFoundation.pas
src/DefinedClassesCFOpenDirectory.pas=namespaced/Api.Cocoa.DefinedClassesCFOpenDirectory.pas
src/DefinedClassesSpriteKit.pas=namespaced/Api.Cocoa.DefinedClassesSpriteKit.pas
src/MediaLibrary.pas=namespaced/Api.Cocoa.MediaLibrary.pas
src/DefinedClassesAVFoundation.pas=namespaced/Api.Cocoa.DefinedClassesAVFoundation.pas
src/QuickLook.pas=namespaced/Api.Cocoa.QuickLook.pas
src/DefinedClassesScriptingBridge.pas=namespaced/Api.Cocoa.DefinedClassesScriptingBridge.pas
src/DefinedClassesCoreData.pas=namespaced/Api.Cocoa.DefinedClassesCoreData.pas
src/QuartzComposer.pas=namespaced/Api.Cocoa.QuartzComposer.pas
src/DefinedClassesiTunesLibrary.pas=namespaced/Api.Cocoa.DefinedClassesiTunesLibrary.pas
src/AppleScriptObjC.pas=namespaced/Api.Cocoa.AppleScriptObjC.pas
src/DefinedClassesNotificationCenter.pas=namespaced/Api.Cocoa.DefinedClassesNotificationCenter.pas
src/DefinedClassesQuickLook.pas=namespaced/Api.Cocoa.DefinedClassesQuickLook.pas
src/CoreImage.pas=namespaced/Api.Cocoa.CoreImage.pas
src/InstallerPlugins.pas=namespaced/Api.Cocoa.InstallerPlugins.pas
src/DefinedClassesAutomator.pas=namespaced/Api.Cocoa.DefinedClassesAutomator.pas
src/CoreFoundation.pas=namespaced/Api.Cocoa.CoreFoundation.pas
src/SecurityInterface.pas=namespaced/Api.Cocoa.SecurityInterface.pas
src/OpenDirectory.pas=namespaced/Api.Cocoa.OpenDirectory.pas
src/DefinedClassesCoreGraphics.pas=namespaced/Api.Cocoa.DefinedClassesCoreGraphics.pas
src/MediaAccessibility.pas=namespaced/Api.Cocoa.MediaAccessibility.pas
src/ScriptingBridge.pas=namespaced/Api.Cocoa.ScriptingBridge.pas
src/DefinedClassesFoundation.pas=namespaced/Api.Cocoa.DefinedClassesFoundation.pas
src/DefinedClassesInstallerPlugins.pas=namespaced/Api.Cocoa.DefinedClassesInstallerPlugins.pas
src/GameController.pas=namespaced/Api.Cocoa.GameController.pas
src/DefinedClassesOpenDirectory.pas=namespaced/Api.Cocoa.DefinedClassesOpenDirectory.pas
src/DefinedClassesFinderSync.pas=namespaced/Api.Cocoa.DefinedClassesFinderSync.pas
src/AudioVideoBridging.pas=namespaced/Api.Cocoa.AudioVideoBridging.pas
src/CFOpenDirectory.pas=namespaced/Api.Cocoa.CFOpenDirectory.pas
src/DefinedClassesScreenSaver.pas=namespaced/Api.Cocoa.DefinedClassesScreenSaver.pas
src/DefinedClassesMultipeerConnectivity.pas=namespaced/Api.Cocoa.DefinedClassesMultipeerConnectivity.pas
src/QuartzFilters.pas=namespaced/Api.Cocoa.QuartzFilters.pas
src/FinderSync.pas=namespaced/Api.Cocoa.FinderSync.pas
src/DefinedClassesQuartzComposer.pas=namespaced/Api.Cocoa.DefinedClassesQuartzComposer.pas
src/DefinedClassesCoreMedia.pas=namespaced/Api.Cocoa.DefinedClassesCoreMedia.pas
src/IOBluetooth.pas=namespaced/Api.Cocoa.IOBluetooth.pas
src/SecurityFoundation.pas=namespaced/Api.Cocoa.SecurityFoundation.pas
src/DefinedClassesAddressBook.pas=namespaced/Api.Cocoa.DefinedClassesAddressBook.pas
src/DefinedClassesPreferencePanes.pas=namespaced/Api.Cocoa.DefinedClassesPreferencePanes.pas
src/CryptoTokenKit.pas=namespaced/Api.Cocoa.CryptoTokenKit.pas
src/PubSub.pas=namespaced/Api.Cocoa.PubSub.pas
src/SceneKit.pas=namespaced/Api.Cocoa.SceneKit.pas
src/DefinedClassesEventKit.pas=namespaced/Api.Cocoa.DefinedClassesEventKit.pas
src/DefinedClassesSecurityFoundation.pas=namespaced/Api.Cocoa.DefinedClassesSecurityFoundation.pas
src/CoreAudio.pas=namespaced/Api.Cocoa.CoreAudio.pas
src/AVKit.pas=namespaced/Api.Cocoa.AVKit.pas
src/DefinedClassesCalendarStore.pas=namespaced/Api.Cocoa.DefinedClassesCalendarStore.pas
src/ImageCaptureCore.pas=namespaced/Api.Cocoa.ImageCaptureCore.pas
