src/gadtools.pas=namespaced/AROSApi.Gadtools.pas
{s*:src/}=namespaced/
{i+:src/}
src/console.pas=namespaced/AROSApi.Console.pas
src/utility.pas=namespaced/AROSApi.Utility.pas
src/mui.pas=namespaced/AROSApi.Mui.pas
src/datatypes.pas=namespaced/AROSApi.Datatypes.pas
src/exec.pas=namespaced/AROSApi.Exec.pas
src/workbench.pas=namespaced/AROSApi.Workbench.pas
src/icon.pas=namespaced/AROSApi.Icon.pas
src/hardware.pas=namespaced/AROSApi.Hardware.pas
src/keymap.pas=namespaced/AROSApi.Keymap.pas
src/commodities.pas=namespaced/AROSApi.Commodities.pas
src/serial.pas=namespaced/AROSApi.Serial.pas
src/agraphics.pas=namespaced/AROSApi.Agraphics.pas
src/conunit.pas=namespaced/AROSApi.Conunit.pas
src/layers.pas=namespaced/AROSApi.Layers.pas
src/diskfont.pas=namespaced/AROSApi.Diskfont.pas
src/tagsarray.pas=namespaced/AROSApi.Tagsarray.pas
src/timer.pas=namespaced/AROSApi.Timer.pas
src/iffparse.pas=namespaced/AROSApi.Iffparse.pas
src/intuition.pas=namespaced/AROSApi.Intuition.pas
src/asl.pas=namespaced/AROSApi.Asl.pas
src/cybergraphics.pas=namespaced/AROSApi.Cybergraphics.pas
src/longarray.pas=namespaced/AROSApi.Longarray.pas
src/locale.pas=namespaced/AROSApi.Locale.pas
src/inputevent.pas=namespaced/AROSApi.Inputevent.pas
src/amigados.pas=namespaced/AROSApi.Amigados.pas
src/clipboard.pas=namespaced/AROSApi.Clipboard.pas
