src/emx/crt.pp=namespaced/System.Console.Crt.pp
{s*:src/emx/}=namespaced/
{i+:src/emx/}
src/go32v2/vesamode.pp=namespaced/System.Console.Vesamode.pp
{s*:src/go32v2/}=namespaced/
{i+:src/go32v2/}
src/go32v2/mouse.pp=namespaced/System.Console.Mouse.pp
src/go32v2/crt.pp=namespaced/System.Console.Crt.pp
src/go32v2/video.pp=namespaced/System.Console.Video.pp
src/go32v2/keyboard.pp=namespaced/System.Console.Keyboard.pp
src/watcom/crt.pp=namespaced/System.Console.Crt.pp
{s*:src/watcom/}=namespaced/
{i+:src/watcom/}
src/os2commn/mouse.pp=namespaced/System.Console.Mouse.pp
{s*:src/os2commn/}=namespaced/
{i+:src/os2commn/}
src/os2commn/video.pp=namespaced/System.Console.Video.pp
src/os2commn/keyboard.pp=namespaced/System.Console.Keyboard.pp
src/win/mouse.pp=namespaced/System.Console.Mouse.pp
{s*:src/win/}=namespaced/
{i+:src/win/}
src/win/crt.pp=namespaced/System.Console.Crt.pp
src/win/video.pp=namespaced/System.Console.Video.pp
src/win/winevent.pp=namespaced/System.Console.Winevent.pp
src/win/keyboard.pp=namespaced/System.Console.Keyboard.pp
src/netwlibc/mouse.pp=namespaced/System.Console.Mouse.pp
{s*:src/netwlibc/}=namespaced/
{i+:src/netwlibc/}
src/netwlibc/crt.pp=namespaced/System.Console.Crt.pp
src/netwlibc/video.pp=namespaced/System.Console.Video.pp
src/netwlibc/keyboard.pp=namespaced/System.Console.Keyboard.pp
src/netware/mouse.pp=namespaced/System.Console.Mouse.pp
{s*:src/netware/}=namespaced/
{i+:src/netware/}
src/netware/crt.pp=namespaced/System.Console.Crt.pp
src/netware/video.pp=namespaced/System.Console.Video.pp
src/netware/keyboard.pp=namespaced/System.Console.Keyboard.pp
src/msdos/vesamode.pp=namespaced/System.Console.Vesamode.pp
{s*:src/msdos/}=namespaced/
{i+:src/msdos/}
src/msdos/mouse.pp=namespaced/System.Console.Mouse.pp
src/msdos/crt.pp=namespaced/System.Console.Crt.pp
src/msdos/video.pp=namespaced/System.Console.Video.pp
src/msdos/keyboard.pp=namespaced/System.Console.Keyboard.pp
src/unix/unixkvmbase.pp=namespaced/System.Console.Unixkvmbase.pp
{s*:src/unix/}=namespaced/
{i+:src/unix/}
src/unix/mouse.pp=namespaced/System.Console.Mouse.pp
src/unix/crt.pp=namespaced/System.Console.Crt.pp
src/unix/video.pp=namespaced/System.Console.Video.pp
src/unix/terminfo.pp=namespaced/System.Console.Terminfo.pp
src/unix/keyboard.pp=namespaced/System.Console.Keyboard.pp
src/os2/crt.pp=namespaced/System.Console.Crt.pp
{s*:src/os2/}=namespaced/
{i+:src/os2/}
src/amicommon/vidcrt.pp=namespaced/System.Console.Vidcrt.pp
{s*:src/amicommon/}=namespaced/
{i+:src/amicommon/}
src/amicommon/mouse.pp=namespaced/System.Console.Mouse.pp
src/amicommon/crt.pp=namespaced/System.Console.Crt.pp
src/amicommon/video.pp=namespaced/System.Console.Video.pp
src/amicommon/keyboard.pp=namespaced/System.Console.Keyboard.pp
src/win16/mouse.pp=namespaced/System.Console.Mouse.pp
{s*:src/win16/}=namespaced/
{i+:src/win16/}
src/win16/crt.pp=namespaced/System.Console.Crt.pp
src/win16/video.pp=namespaced/System.Console.Video.pp
src/win16/keyboard.pp=namespaced/System.Console.Keyboard.pp
