src/penmgr.pp=namespaced/PalmApi.Penmgr.pp
{s*:src/}=namespaced/
{i+:src/}
src/exglib.pp=namespaced/PalmApi.Exglib.pp
src/dlserver.pp=namespaced/PalmApi.Dlserver.pp
src/rect.pp=namespaced/PalmApi.Rect.pp
src/netbitutils.pp=namespaced/PalmApi.Netbitutils.pp
src/palmcompatibility.pp=namespaced/PalmApi.Palmcompatibility.pp
src/progress.pp=namespaced/PalmApi.Progress.pp
src/irlib.pp=namespaced/PalmApi.Irlib.pp
src/overlaymgr.pp=namespaced/PalmApi.Overlaymgr.pp
src/table.pp=namespaced/PalmApi.Table.pp
src/filestream.pp=namespaced/PalmApi.Filestream.pp
src/vfsmgr.pp=namespaced/PalmApi.Vfsmgr.pp
src/keymgr.pp=namespaced/PalmApi.Keymgr.pp
src/slotdrvrlib.pp=namespaced/PalmApi.Slotdrvrlib.pp
src/modemmgr.pp=namespaced/PalmApi.Modemmgr.pp
src/connectionmgr.pp=namespaced/PalmApi.Connectionmgr.pp
src/uicolor.pp=namespaced/PalmApi.Uicolor.pp
src/list.pp=namespaced/PalmApi.List.pp
src/telephonymgrtypes.pp=namespaced/PalmApi.Telephonymgrtypes.pp
src/soundmgr.pp=namespaced/PalmApi.Soundmgr.pp
src/stringmgr.pp=namespaced/PalmApi.Stringmgr.pp
src/udamgr.pp=namespaced/PalmApi.Udamgr.pp
src/intlmgr.pp=namespaced/PalmApi.Intlmgr.pp
src/consolemgr.pp=namespaced/PalmApi.Consolemgr.pp
src/seriallinkmgr.pp=namespaced/PalmApi.Seriallinkmgr.pp
src/datamgr.pp=namespaced/PalmApi.Datamgr.pp
src/alarmmgr.pp=namespaced/PalmApi.Alarmmgr.pp
src/netmgr.pp=namespaced/PalmApi.Netmgr.pp
src/systemresources.pp=namespaced/PalmApi.Systemresources.pp
src/pdilib.pp=namespaced/PalmApi.Pdilib.pp
src/day.pp=namespaced/PalmApi.Day.pp
src/find_.pp=namespaced/PalmApi.Find_.pp
src/systemmgr.pp=namespaced/PalmApi.Systemmgr.pp
src/featuremgr.pp=namespaced/PalmApi.Featuremgr.pp
src/telephonymgr.pp=namespaced/PalmApi.Telephonymgr.pp
src/hal.pp=namespaced/PalmApi.Hal.pp
src/m68khwr.pp=namespaced/PalmApi.M68khwr.pp
src/errorbase.pp=namespaced/PalmApi.Errorbase.pp
src/form.pp=namespaced/PalmApi.Form.pp
src/field.pp=namespaced/PalmApi.Field.pp
src/font.pp=namespaced/PalmApi.Font.pp
src/category.pp=namespaced/PalmApi.Category.pp
src/floatmgr.pp=namespaced/PalmApi.Floatmgr.pp
src/attentionmgr.pp=namespaced/PalmApi.Attentionmgr.pp
src/notifymgr.pp=namespaced/PalmApi.Notifymgr.pp
src/uicontrols.pp=namespaced/PalmApi.Uicontrols.pp
src/window.pp=namespaced/PalmApi.Window.pp
src/palmlocale.pp=namespaced/PalmApi.Palmlocale.pp
src/event_.pp=namespaced/PalmApi.Event_.pp
src/password.pp=namespaced/PalmApi.Password.pp
src/graffiti.pp=namespaced/PalmApi.Graffiti.pp
src/smslib.pp=namespaced/PalmApi.Smslib.pp
src/preferences.pp=namespaced/PalmApi.Preferences.pp
src/sysutil.pp=namespaced/PalmApi.Sysutil.pp
src/clipboard.pp=namespaced/PalmApi.Clipboard.pp
src/serialmgr.pp=namespaced/PalmApi.Serialmgr.pp
src/telephonymgrui.pp=namespaced/PalmApi.Telephonymgrui.pp
src/expansionmgr.pp=namespaced/PalmApi.Expansionmgr.pp
src/inetmgr.pp=namespaced/PalmApi.Inetmgr.pp
src/inspoint.pp=namespaced/PalmApi.Inspoint.pp
src/uiresources.pp=namespaced/PalmApi.Uiresources.pp
src/sysevtmgr.pp=namespaced/PalmApi.Sysevtmgr.pp
src/fontselect_.pp=namespaced/PalmApi.Fontselect_.pp
src/lz77mgr.pp=namespaced/PalmApi.Lz77mgr.pp
src/control.pp=namespaced/PalmApi.Control.pp
src/encrypt.pp=namespaced/PalmApi.Encrypt.pp
src/pdiconst.pp=namespaced/PalmApi.Pdiconst.pp
src/bitmap.pp=namespaced/PalmApi.Bitmap.pp
src/seltimezone.pp=namespaced/PalmApi.Seltimezone.pp
src/palmos.pp=namespaced/PalmApi.Palmos.pp
src/menu_.pp=namespaced/PalmApi.Menu_.pp
src/textmgr.pp=namespaced/PalmApi.Textmgr.pp
src/fslib.pp=namespaced/PalmApi.Fslib.pp
src/crc.pp=namespaced/PalmApi.Crc.pp
src/helperserviceclass.pp=namespaced/PalmApi.Helperserviceclass.pp
src/localize.pp=namespaced/PalmApi.Localize.pp
src/selday.pp=namespaced/PalmApi.Selday.pp
src/coretraps.pp=namespaced/PalmApi.Coretraps.pp
src/chars.pp=namespaced/PalmApi.Chars.pp
src/hwrmiscflags.pp=namespaced/PalmApi.Hwrmiscflags.pp
src/scrollbar.pp=namespaced/PalmApi.Scrollbar.pp
src/libtraps.pp=namespaced/PalmApi.Libtraps.pp
src/privaterecords.pp=namespaced/PalmApi.Privaterecords.pp
src/serialmgrold.pp=namespaced/PalmApi.Serialmgrold.pp
src/helper.pp=namespaced/PalmApi.Helper.pp
src/graffitishift.pp=namespaced/PalmApi.Graffitishift.pp
src/fatalalert.pp=namespaced/PalmApi.Fatalalert.pp
src/applaunchcmd.pp=namespaced/PalmApi.Applaunchcmd.pp
src/graffitireference.pp=namespaced/PalmApi.Graffitireference.pp
src/aboutbox.pp=namespaced/PalmApi.Aboutbox.pp
src/exgmgr.pp=namespaced/PalmApi.Exgmgr.pp
src/seltime.pp=namespaced/PalmApi.Seltime.pp
src/datetime.pp=namespaced/PalmApi.Datetime.pp
src/timemgr.pp=namespaced/PalmApi.Timemgr.pp
src/imcutils.pp=namespaced/PalmApi.Imcutils.pp
src/sysevent.pp=namespaced/PalmApi.Sysevent.pp
src/localemgr.pp=namespaced/PalmApi.Localemgr.pp
src/launcher.pp=namespaced/PalmApi.Launcher.pp
src/textservicesmgr.pp=namespaced/PalmApi.Textservicesmgr.pp
src/memorymgr.pp=namespaced/PalmApi.Memorymgr.pp
src/keyboard.pp=namespaced/PalmApi.Keyboard.pp
src/phonelookup.pp=namespaced/PalmApi.Phonelookup.pp
