src/fpwritepnm.pp=namespaced/FpImage.Writer.PNM.pp
{s*:src/}=namespaced/
{i+:src/}
src/fppixlcanv.pp=namespaced/FpImage.PixelCanvas.pp
src/fpqrcodegen.pp=namespaced/FpImage.QRCodeGen.pp
src/fpimgqrcode.pp=namespaced/FpImage.QRCode.pp
src/fpreadpnm.pp=namespaced/FpImage.Reader.PNM.pp
src/fpreadtga.pp=namespaced/FpImage.Reader.Targa.pp
src/fpreadpcx.pas=namespaced/FpImage.Reader.PCX.pas
src/fpreadjpeg.pas=namespaced/FpImage.Reader.JPEG.pas
src/fpwritebmp.pp=namespaced/FpImage.Writer.Bitmap.pp
src/freetypeh.pp=namespaced/Api.Freetypeh.pp
src/fpwritetga.pp=namespaced/FpImage.Writer.Targa.pp
src/fpcolhash.pas=namespaced/FpImage.ColorHash.pas
src/bmpcomn.pp=namespaced/FpImage.Common.Bitmap.pp
src/xwdfile.pp=namespaced/Api.Xwdfile.pp
src/fpwritepcx.pas=namespaced/FpImage.Writer.PCX.pas
src/fpbarcode.pp=namespaced/FpImage.BarCode.pp
src/pngcomn.pp=namespaced/FpImage.Common.PNG.pp
src/fpreadqoi.pas=namespaced/FpImage.Reader.QOI.pas
src/fpquantizer.pas=namespaced/FpImage.Quantizer.pas
src/qoicomn.pas=namespaced/FpImage.Common.QOI.pas
src/fpditherer.pas=namespaced/FpImage.Ditherer.pas
src/pixtools.pp=namespaced/FpImage.PixelTools.pp
src/freetypehdyn.pp=namespaced/Api.Freetypehdyn.pp
src/freetype.pp=namespaced/Api.Freetype.pp
src/fpwritexpm.pp=namespaced/FpImage.Writer.XPM.pp
src/fpcanvas.pp=namespaced/FpImage.Canvas.pp
src/pscanvas.pp=namespaced/FpImage.Pscanvas.pp
src/fpwritejpeg.pas=namespaced/FpImage.Writer.JPEG.pas
src/fptiffcmn.pas=namespaced/FpImage.Common.TIFF.pas
src/targacmn.pp=namespaced/FpImage.Common.Targa.pp
src/fpreadpng.pp=namespaced/FpImage.Reader.PNG.pp
src/fpwritetiff.pas=namespaced/FpImage.Writer.TIFF.pas
src/pcxcomn.pas=namespaced/FpImage.Common.PCX.pas
src/fpimggauss.pp=namespaced/FpImage.Gauss.pp
src/fpwritepng.pp=namespaced/FpImage.Writer.PNG.pp
src/fpreadtiff.pas=namespaced/FpImage.Reader.TIFF.pas
src/fpwriteqoi.pas=namespaced/FpImage.Writer.QOI.pas
src/fpreadpsd.pas=namespaced/FpImage.Reader.PSD.pas
src/extinterpolation.pp=namespaced/FpImage.Extinterpolation.pp
src/fpreadgif.pas=namespaced/FpImage.Reader.GIF.pas
src/fpreadxwd.pas=namespaced/FpImage.Reader.XWD.pas
src/fpimgcmn.pp=namespaced/FpImage.Common.pp
src/fpreadxpm.pp=namespaced/FpImage.Reader.XPM.pp
src/fpimgbarcode.pp=namespaced/FpImage.ImgBarCode.pp
src/fpreadbmp.pp=namespaced/FpImage.Reader.Bitmap.pp
src/ellipses.pp=namespaced/FpImage.Ellipses.pp
src/ftfont.pp=namespaced/FpImage.Ftfont.pp
src/clipping.pp=namespaced/FpImage.Clipping.pp
src/fpimgcanv.pp=namespaced/FpImage.ImageCanvas.pp
src/psdcomn.pas=namespaced/FpImage.Common.PSD.pp
src/jpegcomn.pas=namespaced/FpImage.Common.Jpeg.pas
src/polygonfilltools.pp=namespaced/FpImage.PolygonFillTools.pp
src/fpcolorspace.pas=namespaced/FpImage.ColorSpace.pp