src/atari/printer.pp=namespaced/System.Printer.pp
{s*:src/atari/}=namespaced/
{i+:src/atari/}
src/go32v2/printer.pp=namespaced/System.Printer.pp
{s*:src/go32v2/}=namespaced/
{i+:src/go32v2/}
src/os2commn/sockets.pp=namespaced/System.Net.Sockets.pp
{s*:src/os2commn/}=namespaced/
{i+:src/os2commn/}
src/os2commn/winsock.pp=namespaced/System.Net.Winsock.pp
src/inc/ucomplex.pp=namespaced/System.Ucomplex.pp
{s*:src/inc/}=namespaced/
{i+:src/inc/}
src/inc/objects.pp=namespaced/System.Objects.pp
src/inc/sortalgs.pp=namespaced/System.Sortalgs.pp
src/inc/matrix.pp=namespaced/System.Matrix.pp
src/inc/real48utils.pp=namespaced/System.Real48utils.pp
src/win/winsock2.pp=namespaced/WinApi.Winsock2.pp
{s*:src/win/}=namespaced/
{i+:src/win/}
src/win/sockets.pp=namespaced/System.Net.Sockets.pp
src/win/serial.pp=namespaced/System.Serial.pp
src/win/winsock.pp=namespaced/WinApi.Winsock.pp
src/win/printer.pp=namespaced/System.Printer.pp
src/netwlibc/sockets.pp=namespaced/System.Net.Sockets.pp
{s*:src/netwlibc/}=namespaced/
{i+:src/netwlibc/}
src/amiga/sockets.pp=namespaced/System.Net.Sockets.pp
{s*:src/amiga/}=namespaced/
{i+:src/amiga/}
src/amiga/printer.pp=namespaced/System.Printer.pp
src/netware/sockets.pp=namespaced/System.Net.Sockets.pp
{s*:src/netware/}=namespaced/
{i+:src/netware/}
src/msdos/printer.pp=namespaced/System.Printer.pp
{s*:src/msdos/}=namespaced/
{i+:src/msdos/}
src/unix/sockets.pp=namespaced/System.Net.Sockets.pp
{s*:src/unix/}=namespaced/
{i+:src/unix/}
src/unix/gpm.pp=namespaced/UnixApi.Gpm.pp
src/unix/serial.pp=namespaced/UnixApi.Serial.pp
src/unix/clocale.pp=namespaced/UnixApi.Clocale.pp
src/unix/ipc.pp=namespaced/UnixApi.Ipc.pp
src/unix/printer.pp=namespaced/System.Printer.pp
src/unix/unixsockets.pp=namespaced/UnixApi.Sockets.pp
src/os2/printer.pp=namespaced/System.Printer.pp
{s*:src/os2/}=namespaced/
{i+:src/os2/}
src/aros/sockets.pp=namespaced/System.Net.Sockets.pp
{s*:src/aros/}=namespaced/
{i+:src/aros/}
src/android/clocale.pp=namespaced/UnixApi.Clocale.pp
{s*:src/android/}=namespaced/
{i+:src/android/}
src/wince/winsock2.pp=namespaced/WinApi.Winsock2.pp
{s*:src/wince/}=namespaced/
{i+:src/wince/}
src/wince/winsock.pp=namespaced/WinApi.Winsock.pp
src/netwcomn/winsock.pp=namespaced/WinApi.Winsock.pp
{s*:src/netwcomn/}=namespaced/
{i+:src/netwcomn/}
