src/mysql56dyn.pp=namespaced/Api.Mysql56dyn.pp
{s*:src/}=namespaced/
{i+:src/}
src/my4_sys.pp=namespaced/Api.My4_sys.pp
src/mysql51emb.pp=namespaced/Api.Mysql51emb.pp
src/mysql41dyn.pp=namespaced/Api.Mysql41dyn.pp
src/mysql3_com.pp=namespaced/Api.Mysql3_com.pp
src/mysql50dyn.pp=namespaced/Api.Mysql50dyn.pp
src/mysql3.pp=namespaced/Api.Mysql3.pp
src/mysql80dyn.pp=namespaced/Api.Mysql80dyn.pp
src/mysql55.pp=namespaced/Api.Mysql55.pp
src/mysql57dyn.pp=namespaced/Api.Mysql57dyn.pp
src/mysql3_version.pp=namespaced/Api.Mysql3_version.pp
src/mysql51dyn.pp=namespaced/Api.Mysql51dyn.pp
src/mysql4.pp=namespaced/Api.Mysql4.pp
src/mysql3dyn.pp=namespaced/Api.Mysql3dyn.pp
src/mysql4_com.pp=namespaced/Api.Mysql4_com.pp
src/mysql3_comdyn.pp=namespaced/Api.Mysql3_comdyn.pp
src/mysql4dyn.pp=namespaced/Api.Mysql4dyn.pp
src/mysql55dyn.pp=namespaced/Api.Mysql55dyn.pp
src/mysql40.pp=namespaced/Api.Mysql40.pp
src/mysql50.pp=namespaced/Api.Mysql50.pp
src/mysql4_comdyn.pp=namespaced/Api.Mysql4_comdyn.pp
src/mysql4_version.pp=namespaced/Api.Mysql4_version.pp
src/mysql51.pp=namespaced/Api.Mysql51.pp
src/mysql40dyn.pp=namespaced/Api.Mysql40dyn.pp
src/mysql41.pp=namespaced/Api.Mysql41.pp
