src/basenenc.pp=namespaced/Fcl.BaseNEnc.pp
{s*:src/}=namespaced/
{i+:src/}
src/wtex.pp=namespaced/Fcl.Wtex.pp
src/iostream.pp=namespaced/Fcl.Streams.IO.pp
src/contnrs.pp=namespaced/System.Contnrs.pp
src/streamio.pp=namespaced/System.Streamio.pp
src/bufstream.pp=namespaced/Fcl.Streams.Buffer.pp
src/advancedipc.pp=namespaced/Fcl.AdvancedIpc.pp
src/fpobserver.pp=namespaced/Fcl.Observer.pp
src/singleinstance.pp=namespaced/Fcl.SingleInstance.pp
src/pascodegen.pp=namespaced/fcl-base/namespaced/Pascal.CodeGenerator.pp
src/eventlog.pp=namespaced/Fcl.EventLog.pp
src/inicol.pp=namespaced/Fcl.IniCollection.pp
src/streamex.pp=namespaced/Fcl.Streams.Extra.pp
src/base64.pp=namespaced/System.Hash.Base64.pp
src/maskutils.pp=namespaced/System.Maskutils.pp
src/wformat.pp=namespaced/Fcl.Wformat.pp
src/advancedsingleinstance.pas=namespaced/Fcl.AdvancedSingleInstance.pas
src/lzwstream.pp=namespaced/Fcl.Streams.LZW.pp
src/pooledmm.pp=namespaced/System.Pooledmm.pp
src/csvreadwrite.pp=namespaced/Fcl.Csv.ReadWrite.pp
src/idea.pp=namespaced/System.Hash.Idea.pp
src/whtml.pp=namespaced/Fcl.Whtml.pp
src/csvdocument.pp=namespaced/Fcl.Csv.Document.pp
src/gettext.pp=namespaced/System.GetText.pp
src/chainstream.pp=namespaced/Fcl.Streams.Chained.pp
src/rttiutils.pp=namespaced/Fcl.RttiUtils.pp
src/rtfpars.pp=namespaced/Fcl.Rtf.Parser.pp
src/fptemplate.pp=namespaced/Fcl.Template.pp
src/fpthreadpool.pp=namespaced/Fcl.ThreadPool.pp
src/wince/fileinfo.pp=namespaced/Fcl.FileInfo.pp
{s*:src/wince/}=namespaced/
{i+:src/wince/}
src/fpexprpars.pp=namespaced/Fcl.Expressions.pp
src/uriparser.pp=namespaced/Fcl.UriParser.pp
src/ascii85.pp=namespaced/System.Hash.Ascii85.pp
src/streamcoll.pp=namespaced/Fcl.Streams.Collection.pp
src/inifiles.pp=namespaced/System.IniFiles.pp
src/custapp.pp=namespaced/Fcl.CustApp.pp
src/blowfish.pp=namespaced/System.Hash.Blowfish.pp
src/blowfish2.pp=namespaced/System.Hash.Blowfish2.pp
src/nullstream.pp=namespaced/Fcl.Streams.Null.pp
src/syncobjs.pp=namespaced/System.SyncObjs.pp
src/avl_tree.pp=namespaced/Fcl.AVLTree.pp
src/cachecls.pp=namespaced/Fcl.CacheCls.pp
src/fptimer.pp=namespaced/Fcl.Timer.pp
