src/collations/collation_zh.pas=namespaced/System.Collations.Zh.pas
{s*:src/collations/}=namespaced/
{i+:src/collations/}
src/collations/collation_de.pas=namespaced/System.Collations.De.pas
src/collations/collation_ru.pas=namespaced/System.Collations.Ru.pas
src/collations/buildcollations.pas=namespaced/System.Collations.Buildcollations.pas
src/collations/collation_es.pas=namespaced/System.Collations.Es.pas
src/collations/collation_fr_ca.pas=namespaced/System.Collations.Fr_ca.pas
src/collations/collation_sv.pas=namespaced/System.Collations.Sv.pas
src/collations/collation_ja.pas=namespaced/System.Collations.Ja.pas
src/collations/collation_ko.pas=namespaced/System.Collations.Ko.pas
src/inc/cpbuildu.pp=namespaced/System.Unicode.Cpbuildu.pp
{s*:src/inc/}=namespaced/
{i+:src/inc/}
src/inc/freebidi.pp=namespaced/System.Unicode.Freebidi.pp
src/inc/utf8bidi.pp=namespaced/System.Unicode.Utf8bidi.pp
src/inc/cp932.pas=namespaced/System.Unicode.Cp932.pas
src/inc/cp949.pas=namespaced/System.Unicode.Cp949.pas
src/inc/unicodeducet.pas=namespaced/System.Unicode.Unicodeducet.pas
src/inc/cp936.pas=namespaced/System.Unicode.Cp936.pas
src/inc/cp895.pas=namespaced/System.Unicode.Cp895.pas
src/inc/graphemebreakproperty.pp=namespaced/System.Unicode.Graphemebreakproperty.pp
src/inc/eastasianwidth.pp=namespaced/System.Unicode.Eastasianwidth.pp
src/inc/cp950.pas=namespaced/System.Unicode.Cp950.pas
