src/fat/fat.pp=namespaced/NdsApi.Fat.pp
{s*:src/fat/}=namespaced/
{i+:src/fat/}
src/fat/filesystem.pp=namespaced/NdsApi.Filesystem.pp
src/fat/gbfs.pp=namespaced/NdsApi.Gbfs.pp
src/nds7.pp=namespaced/NdsApi.Nds7.pp
{s*:src/}=namespaced/
{i+:src/}
src/dswifi/dswifi7.pp=namespaced/NdsApi.Dswifi7.pp
{s*:src/dswifi/}=namespaced/
{i+:src/dswifi/}
src/dswifi/dswifi9.pp=namespaced/NdsApi.Dswifi9.pp
src/maxmod/maxmod9.pp=namespaced/NdsApi.Maxmod9.pp
{s*:src/maxmod/}=namespaced/
{i+:src/maxmod/}
src/maxmod/maxmod7.pp=namespaced/NdsApi.Maxmod7.pp
src/nds9.pp=namespaced/NdsApi.Nds9.pp
src/gl2d/gl2d.pp=namespaced/NdsApi.Gl2d.pp
{s*:src/gl2d/}=namespaced/
{i+:src/gl2d/}
