src/tinygl.pas=namespaced/MorphApi.Tinygl.pas
{s*:src/}=namespaced/
{i+:src/}
src/cgxvideo.pas=namespaced/MorphApi.Cgxvideo.pas
src/gadtools.pas=namespaced/MorphApi.Gadtools.pas
src/console.pas=namespaced/MorphApi.Console.pas
src/utility.pas=namespaced/MorphApi.Utility.pas
src/mui.pas=namespaced/MorphApi.Mui.pas
src/datatypes.pas=namespaced/MorphApi.Datatypes.pas
src/exec.pas=namespaced/MorphApi.Exec.pas
src/workbench.pas=namespaced/MorphApi.Workbench.pas
src/icon.pas=namespaced/MorphApi.Icon.pas
src/hardware.pas=namespaced/MorphApi.Hardware.pas
src/keymap.pas=namespaced/MorphApi.Keymap.pas
src/akeyboard.pas=namespaced/MorphApi.Akeyboard.pas
src/commodities.pas=namespaced/MorphApi.Commodities.pas
src/serial.pas=namespaced/MorphApi.Serial.pas
src/agraphics.pas=namespaced/MorphApi.Agraphics.pas
src/conunit.pas=namespaced/MorphApi.Conunit.pas
src/layers.pas=namespaced/MorphApi.Layers.pas
src/diskfont.pas=namespaced/MorphApi.Diskfont.pas
src/timer.pas=namespaced/MorphApi.Timer.pas
src/iffparse.pas=namespaced/MorphApi.Iffparse.pas
src/get9.pas=namespaced/MorphApi.Get9.pas
src/input.pas=namespaced/MorphApi.Input.pas
src/intuition.pas=namespaced/MorphApi.Intuition.pas
src/asl.pas=namespaced/MorphApi.Asl.pas
src/cybergraphics.pas=namespaced/MorphApi.Cybergraphics.pas
src/ahi.pas=namespaced/MorphApi.Ahi.pas
src/locale.pas=namespaced/MorphApi.Locale.pas
src/inputevent.pas=namespaced/MorphApi.Inputevent.pas
src/amigados.pas=namespaced/MorphApi.Amigados.pas
src/clipboard.pas=namespaced/MorphApi.Clipboard.pas
src/amigalib.pas=namespaced/MorphApi.Amigalib.pas
src/openssl3.pas=namespaced/MorphApi.OpenSSL3.pas