src/zstream.pp=namespaced/System.ZLib.Zstream.pp
{s*:src/}=namespaced/
{i+:src/}
src/adler.pas=namespaced/System.ZLib.Adler.pas
src/unzip.pas=namespaced/System.ZLib.Unzip.pas
src/inffast.pas=namespaced/System.ZLib.Inffast.pas
src/zbase.pas=namespaced/System.ZLib.Zbase.pas
src/infutil.pas=namespaced/System.ZLib.Infutil.pas
src/zdeflate.pas=namespaced/System.ZLib.Zdeflate.pas
src/zcompres.pas=namespaced/System.ZLib.Zcompres.pas
src/zip.pas=namespaced/System.ZLib.Zip.pas
src/zuncompr.pas=namespaced/System.ZLib.Zuncompr.pas
src/gzio.pas=namespaced/System.ZLib.Gzio.pas
src/infblock.pas=namespaced/System.ZLib.Infblock.pas
src/infcodes.pas=namespaced/System.ZLib.Infcodes.pas
src/inftrees.pas=namespaced/System.ZLib.Inftrees.pas
src/zinflate.pas=namespaced/System.ZLib.Zinflate.pas
src/trees.pas=namespaced/System.ZLib.Trees.pas
src/zipper.pp=namespaced/System.ZLib.Zipper.pp
src/ziputils.pas=namespaced/System.ZLib.Ziputils.pas
src/paszlib.pas=namespaced/System.ZLib.Paszlib.pas
