src/ril.pp=namespaced/WinceApi.Ril.pp
{s*:src/}=namespaced/
{i+:src/}
src/buildwinceunits.pp=namespaced/WinceApi.Buildwinceunits.pp
src/winioctl.pp=namespaced/WinceApi.Winioctl.pp
src/sip.pp=namespaced/WinceApi.Sip.pp
src/pimstore.pp=namespaced/WinceApi.Pimstore.pp
src/rapitypes.pp=namespaced/WinceApi.Rapitypes.pp
src/aygshell.pp=namespaced/WinceApi.Aygshell.pp
src/connmgr.pp=namespaced/WinceApi.Connmgr.pp
src/devmgmt.pp=namespaced/WinceApi.Devmgmt.pp
src/tapi.pp=namespaced/WinceApi.Tapi.pp
src/msacm.pp=namespaced/WinceApi.Msacm.pp
src/gpsapi.pp=namespaced/WinceApi.Gpsapi.pp
src/bthapi.pp=namespaced/WinceApi.Bthapi.pp
src/commdlg.pp=namespaced/WinceApi.Commdlg.pp
src/mmsystem.pp=namespaced/WinceApi.Mmsystem.pp
src/raserror.pp=namespaced/WinceApi.Raserror.pp
src/power.pp=namespaced/WinceApi.Power.pp
src/ras.pp=namespaced/WinceApi.Ras.pp
src/imm.pp=namespaced/WinceApi.Imm.pp
src/wap.pp=namespaced/WinceApi.Wap.pp
src/rapi.pp=namespaced/WinceApi.Rapi.pp
src/service.pp=namespaced/WinceApi.Service.pp
src/tlhelp32.pas=namespaced/WinceApi.Tlhelp32.pas
src/sipapi.pp=namespaced/WinceApi.Sipapi.pp
src/simmgr.pp=namespaced/WinceApi.Simmgr.pp
src/pm.pp=namespaced/WinceApi.Pm.pp
src/shellapi.pp=namespaced/WinceApi.Shellapi.pp
src/notify.pp=namespaced/WinceApi.Notify.pp
src/devload.pp=namespaced/WinceApi.Devload.pp
src/extapi.pp=namespaced/WinceApi.Extapi.pp
src/wininet.pp=namespaced/WinceApi.Wininet.pp
src/projects.pp=namespaced/WinceApi.Projects.pp
src/cpl.pp=namespaced/WinceApi.Cpl.pp
src/mmreg.pp=namespaced/WinceApi.Mmreg.pp
src/ws2bth.pp=namespaced/WinceApi.Ws2bth.pp
src/storemgr.pas=namespaced/WinceApi.Storemgr.pas
src/windbase.pp=namespaced/WinceApi.Windbase.pp
src/oleauto.pp=namespaced/WinceApi.Oleauto.pp
src/bthutil.pp=namespaced/WinceApi.Bthutil.pp
src/iphlpapi.pp=namespaced/WinceApi.Iphlpapi.pp
src/todaycmn.pp=namespaced/WinceApi.Todaycmn.pp
src/phone.pp=namespaced/WinceApi.Phone.pp
src/msgqueue.pp=namespaced/WinceApi.Msgqueue.pp
src/bt_sdp.pp=namespaced/WinceApi.Bt_sdp.pp
src/pnp.pas=namespaced/WinceApi.Pnp.pas
src/sms.pp=namespaced/WinceApi.Sms.pp
src/tsp.pp=namespaced/WinceApi.Tsp.pp
src/bt_api.pp=namespaced/WinceApi.Bt_api.pp
src/gx.pp=namespaced/WinceApi.Gx.pp
src/nled.pp=namespaced/WinceApi.Nled.pp
src/keybd.pp=namespaced/WinceApi.Keybd.pp
src/cesync.pp=namespaced/WinceApi.Cesync.pp
src/htmlctrl.pp=namespaced/WinceApi.Htmlctrl.pp
src/commctrl.pp=namespaced/WinceApi.Commctrl.pp
