{s*:src/}=namespaced/
{i+:src/}
src/libapi.pas=namespaced/Api.PsyQ.libapi.pp
src/libcd.pas=namespaced/Api.PsyQ.libcd.pp
src/libcomb.pas=namespaced/Api.PsyQ.libcomb.pp
src/libds.pas=namespaced/Api.PsyQ.libds.pp
src/libetc.pas=namespaced/Api.PsyQ.libetc.pp
src/libgpu.pas=namespaced/Api.PsyQ.libgpu.pp
src/libgs.pas=namespaced/Api.PsyQ.libgs.pp
src/libgte.pas=namespaced/Api.PsyQ.libgte.pp
src/libgun.pas=namespaced/Api.PsyQ.libgun.pp
src/libhmd.pas=namespaced/Api.PsyQ.libhmd.pp
src/libmcgui.pas=namespaced/Api.PsyQ.libmcgui.pp
src/libmcrd.pas=namespaced/Api.PsyQ.libmcrd.pp
src/libmcx.pas=namespaced/Api.PsyQ.libmcx.pp
src/libpad.pas=namespaced/Api.PsyQ.libpad.pp
src/libpress.pas=namespaced/Api.PsyQ.libpress.pp
src/libsnd.pas=namespaced/Api.PsyQ.libsnd.pp
src/libsn.pas=namespaced/Api.PsyQ.libsn.pp
src/libspu.pas=namespaced/Api.PsyQ.libspu.pp
src/libstd.pas=namespaced/Api.PsyQ.libstd.pp
src/libtap.pas=namespaced/Api.PsyQ.libtap.pp
