src/roo.pas=namespaced/NumLib.Roo.pas
{s*:src/}=namespaced/
{i+:src/}
src/ode.pas=namespaced/NumLib.Ode.pas
src/omv.pas=namespaced/NumLib.Omv.pas
src/ipf.pas=namespaced/NumLib.Ipf.pas
src/inv.pas=namespaced/NumLib.Inv.pas
src/spe.pas=namespaced/NumLib.Spe.pas
src/dsl.pas=namespaced/NumLib.Dsl.pas
src/iom.pas=namespaced/NumLib.Iom.pas
src/int.pas=namespaced/NumLib.Int.pas
src/mdt.pas=namespaced/NumLib.Mdt.pas
src/sle.pas=namespaced/NumLib.Sle.pas
src/eigh2.pas=namespaced/NumLib.Eigh2.pas
src/typ.pas=namespaced/NumLib.Typ.pas
src/eig.pas=namespaced/NumLib.Eig.pas
src/eigh1.pas=namespaced/NumLib.Eigh1.pas
src/det.pas=namespaced/NumLib.Det.pas
src/numlib.pas=namespaced/NumLib.Numlib.pas
src/spl.pas=namespaced/NumLib.Spl.pas
