src/win32/directx/p_dinput.pp=namespaced/PTC.Win32.P_dinput.pp
{s*:src/win32/directx/}=namespaced/
{i+:src/win32/directx/}
src/win32/directx/p_ddraw.pp=namespaced/PTC.Win32.P_ddraw.pp
src/dos/vesa/vesa.pp=namespaced/PTC.Dos.Vesa.pp
{s*:src/dos/vesa/}=namespaced/
{i+:src/dos/vesa/}
src/dos/textfx2/textfx2.pp=namespaced/PTC.Dos.Textfx2.pp
{s*:src/dos/textfx2/}=namespaced/
{i+:src/dos/textfx2/}
src/dos/vga/vga.pp=namespaced/PTC.Dos.Vga.pp
{s*:src/dos/vga/}=namespaced/
{i+:src/dos/vga/}
src/dos/base/mouse33h.pp=namespaced/PTC.Dos.Mouse33h.pp
{s*:src/dos/base/}=namespaced/
{i+:src/dos/base/}
src/dos/timeunit/timeunit.pp=namespaced/PTC.Dos.Timeunit.pp
{s*:src/dos/timeunit/}=namespaced/
{i+:src/dos/timeunit/}
src/dos/cga/cga.pp=namespaced/PTC.Dos.Cga.pp
{s*:src/dos/cga/}=namespaced/
{i+:src/dos/cga/}
src/wince/gapi/p_gx.pp=namespaced/PTC.WinCE.P_gx.pp
{s*:src/wince/gapi/}=namespaced/
{i+:src/wince/gapi/}
src/wince/directx/ddraw.pas=namespaced/PTC.WinCE.Ddraw.pas
{s*:src/wince/directx/}=namespaced/
{i+:src/wince/directx/}
src/tinyptc/tinyptc.pp=namespaced/PTC.Tinyptc.pp
{s*:src/tinyptc/}=namespaced/
{i+:src/tinyptc/}
src/ptcwrapper/ptceventqueue.pp=namespaced/PTC.EventQueue.pp
src/ptcwrapper/ptcwrapper.pp=namespaced/PTC.Wrapper.pp
{s*:src/ptcwrapper/}=namespaced/
{i+:src/ptcwrapper/}
