src/console.pas=namespaced/AmigaApi.Console.pas
{s*:src/}=namespaced/
{i+:src/}
src/utility.pas=namespaced/AmigaApi.Utility.pas
src/mui.pas=namespaced/AmigaApi.Mui.pas
src/datatypes.pas=namespaced/AmigaApi.Datatypes.pas
src/exec.pas=namespaced/AmigaApi.Exec.pas
src/workbench.pas=namespaced/AmigaApi.Workbench.pas
src/icon.pas=namespaced/AmigaApi.Icon.pas
src/keymap.pas=namespaced/AmigaApi.Keymap.pas
src/serial.pas=namespaced/AmigaApi.Serial.pas
src/agraphics.pas=namespaced/AmigaApi.Agraphics.pas
src/conunit.pas=namespaced/AmigaApi.Conunit.pas
src/layers.pas=namespaced/AmigaApi.Layers.pas
src/diskfont.pas=namespaced/AmigaApi.Diskfont.pas
src/timer.pas=namespaced/AmigaApi.Timer.pas
src/iffparse.pas=namespaced/AmigaApi.Iffparse.pas
src/intuition.pas=namespaced/AmigaApi.Intuition.pas
src/asl.pas=namespaced/AmigaApi.Asl.pas
src/cybergraphics.pas=namespaced/AmigaApi.Cybergraphics.pas
src/locale.pas=namespaced/AmigaApi.Locale.pas
src/inputevent.pas=namespaced/AmigaApi.Inputevent.pas
src/amigados.pas=namespaced/AmigaApi.Amigados.pas
src/clipboard.pas=namespaced/AmigaApi.Clipboard.pas
src/picasso96api.pas=namespaced/AmigaApi.Picasso96api.pas
