src/bindings/googlekgsearch.pp=namespaced/Api.Google.KgSearch.pp
{s*:src/bindings/}=namespaced/
{i+:src/bindings/}
src/bindings/googlefitness.pp=namespaced/Api.Google.Fitness.pp
src/bindings/googlestorage.pp=namespaced/Api.Google.Storage.pp
src/bindings/googleurlshortener.pp=namespaced/Api.Google.UrlShortener.pp
src/bindings/googleiam.pp=namespaced/Api.Google.Iam.pp
src/bindings/googlereplicapoolupdater.pp=namespaced/Api.Google.ReplicaPoolUpdater.pp
src/bindings/googleresourceviews.pp=namespaced/Api.Google.ResourceViews.pp
src/bindings/googleidentitytoolkit.pp=namespaced/Api.Google.IdentityToolkit.pp
src/bindings/googlecalendar.pp=namespaced/Api.Google.Calendar.pp
src/bindings/googlereplicapool.pp=namespaced/Api.Google.ReplicaPool.pp
src/bindings/googlesqladmin.pp=namespaced/Api.Google.SqlAdmin.pp
src/bindings/googlesafebrowsing.pp=namespaced/Api.Google.SafeBrowsing.pp
src/bindings/googlepartners.pp=namespaced/Api.Google.Partners.pp
src/bindings/googlefreebase.pp=namespaced/Api.Google.FreeBase.pp
src/bindings/googlecloudresourcemanager.pp=namespaced/Api.Google.Cloud.ResourceManager.pp
src/bindings/googlecloudbilling.pp=namespaced/Api.Google.Cloud.Billing.pp
src/bindings/googleproximitybeacon.pp=namespaced/Api.Google.ProximityBeacon.pp
src/bindings/googlefirebaserules.pp=namespaced/Api.Google.FirebaseRules.pp
src/bindings/googlestoragetransfer.pp=namespaced/Api.Google.StorageTransfer.pp
src/bindings/googleclouddebugger.pp=namespaced/Api.Google.Cloud.Debugger.pp
src/bindings/googleanalytics.pp=namespaced/Api.Google.Analytics.pp
src/bindings/googleappsactivity.pp=namespaced/Api.Google.AppsActivity.pp
src/bindings/googlecloudtrace.pp=namespaced/Api.Google.Cloud.Trace.pp
src/bindings/googlecontainer.pp=namespaced/Api.Google.Container.pp
src/bindings/googlecoordinate.pp=namespaced/Api.Google.Coordinate.pp
src/bindings/googleadexchangebuyer.pp=namespaced/Api.Google.AdExchange.Buyer.pp
src/bindings/googlediscovery.pp=namespaced/Api.Google.Discovery.pp
src/bindings/googlegmail.pp=namespaced/Api.Google.Gmail.pp
src/bindings/googleblogger.pp=namespaced/Api.Google.Blogger.pp
src/bindings/googleprediction.pp=namespaced/Api.Google.Prediction.pp
src/bindings/googlemanager.pp=namespaced/Api.Google.Manager.pp
src/bindings/googledataproc.pp=namespaced/Api.Google.DataProc.pp
src/bindings/googlegames.pp=namespaced/Api.Google.Games.pp
src/bindings/googlecontent.pp=namespaced/Api.Google.Content.pp
src/bindings/googlegamesconfiguration.pp=namespaced/Api.Google.Games.Configuration.pp
src/bindings/googlegan.pp=namespaced/Api.Google.Gan.pp
src/bindings/googledoubleclickbidmanager.pp=namespaced/Api.Google.Doubleclick.BidManager.pp
src/bindings/googledns.pp=namespaced/Api.Google.Dns.pp
src/bindings/googleoauth2.pp=namespaced/Api.Google.OAuth2.pp
src/bindings/googlefusiontables.pp=namespaced/Api.Google.FusionTables.pp
src/bindings/googleaudit.pp=namespaced/Api.Google.Audit.pp
src/bindings/googlewebmasters.pp=namespaced/Api.Google.WebMasters.pp
src/bindings/googletranslate.pp=namespaced/Api.Google.Translate.pp
src/bindings/googletagmanager.pp=namespaced/Api.Google.TagManager.pp
src/bindings/googlemirror.pp=namespaced/Api.Google.Mirror.pp
src/bindings/googlepagespeedonline.pp=namespaced/Api.Google.PageSpeedOnline.pp
src/bindings/googlescript.pp=namespaced/Api.Google.Script.pp
src/bindings/googleqpxexpress.pp=namespaced/Api.Google.QpxExpress.pp
src/bindings/googleanalyticsreporting.pp=namespaced/Api.Google.AnalyticsReporting.pp
src/bindings/googlepeople.pp=namespaced/Api.Google.People.pp
src/bindings/googleplusdomains.pp=namespaced/Api.Google.PlusDomains.pp
src/bindings/googlecloudmonitoring.pp=namespaced/Api.Google.Cloud.Monitoring.pp
src/bindings/googlecomputeaccounts.pp=namespaced/Api.Google.ComputeAccounts.pp
src/bindings/googlebigquery.pp=namespaced/Api.Google.BigQuery.pp
src/bindings/googleautoscaler.pp=namespaced/Api.Google.AutoScaler.pp
src/bindings/googleyoutubereporting.pp=namespaced/Api.Google.YouTubeReporting.pp
src/bindings/googlelicensing.pp=namespaced/Api.Google.Licensing.pp
src/bindings/googlebooks.pp=namespaced/Api.Google.Books.pp
src/bindings/googleyoutubeanalytics.pp=namespaced/Api.Google.YouTubeAnalytics.pp
src/bindings/googletoolresults.pp=namespaced/Api.Google.ToolResults.pp
src/bindings/googledrive.pp=namespaced/Api.Google.Drive.pp
src/bindings/googlecloudsearch.pp=namespaced/Api.Google.CloudSearch.pp
src/bindings/googleplus.pp=namespaced/Api.Google.Plus.pp
src/bindings/googledfareporting.pp=namespaced/Api.Google.DfaReporting.pp
src/bindings/googleruntimeconfig.pp=namespaced/Api.Google.RuntimeConfig.pp
src/bindings/googlelogging.pp=namespaced/Api.Google.Logging.pp
src/bindings/googlemonitoring.pp=namespaced/Api.Google.Monitoring.pp
src/bindings/googlegroupsmigration.pp=namespaced/Api.Google.Groups.Migration.pp
src/bindings/googleclouderrorreporting.pp=namespaced/Api.Google.Cloud.ErrorReporting.pp
src/bindings/googleadsense.pp=namespaced/Api.Google.AdSense.pp
src/bindings/googledeploymentmanager.pp=namespaced/Api.Google.DeploymentManager.pp
src/bindings/googletaskqueue.pp=namespaced/Api.Google.TaskQueue.pp
src/bindings/googleclassroom.pp=namespaced/Api.Google.ClassRoom.pp
src/bindings/googleandroidenterprise.pp=namespaced/Api.Google.Android.Enterprise.pp
src/bindings/googlepubsub.pp=namespaced/Api.Google.PubSub.pp
src/bindings/googlecustomsearch.pp=namespaced/Api.Google.CustomSearch.pp
src/bindings/googlecivicinfo.pp=namespaced/Api.Google.CivicInfo.pp
src/bindings/googlegamesmanagement.pp=namespaced/Api.Google.Games.Management.pp
src/bindings/googledoubleclicksearch.pp=namespaced/Api.Google.doubleClick.Search.pp
src/bindings/googlemapsengine.pp=namespaced/Api.Google.MapsEngine.pp
src/bindings/googlesiteverification.pp=namespaced/Api.Google.SiteVerification.pp
src/bindings/googlesheets.pp=namespaced/Api.Google.Sheets.pp
src/bindings/googleplaymoviespartner.pp=namespaced/Api.Google.PlayMoviesPartner.pp
src/bindings/googleyoutube.pp=namespaced/Api.Google.YouTube.pp
src/bindings/googlecloudlatencytest.pp=namespaced/Api.Google.Cloud.LatencyTest.pp
src/bindings/googleconsumersurveys.pp=namespaced/Api.Google.ConsumerSurveys.pp
src/bindings/googlereseller.pp=namespaced/Api.Google.Reseller.pp
src/bindings/googlespectrum.pp=namespaced/Api.Google.Spectrum.pp
src/bindings/googledataflow.pp=namespaced/Api.Google.DataFlow.pp
src/bindings/googledatastore.pp=namespaced/Api.Google.DataStore.pp
src/bindings/googlevision.pp=namespaced/Api.Google.Vision.pp
src/bindings/googleandroidpublisher.pp=namespaced/Api.Google.Android.Publisher.pp
src/bindings/googlegenomics.pp=namespaced/Api.Google.Genomics.pp
src/bindings/googleacceleratedmobilepageurl.pp=namespaced/Api.Google.AcceleratedMobilePageUrl.pp
src/bindings/googlecloudbuild.pp=namespaced/Api.Google.Cloud.Build.pp
src/bindings/googleappengine.pp=namespaced/Api.Google.AppEngine.pp
src/bindings/googleadexchangebuyer2.pp=namespaced/Api.Google.AdExchange.Buyer2.pp
src/bindings/googleadexchangeseller.pp=namespaced/Api.Google.AdExchange.Seller.pp
src/bindings/googleappstate.pp=namespaced/Api.Google.AppState.pp
src/bindings/googleclouduseraccounts.pp=namespaced/Api.Google.Cloud.UserAccounts.pp
src/bindings/googletasks.pp=namespaced/Api.Google.tasks.pp
src/bindings/googleadmin.pp=namespaced/Api.Google.Admin.pp
src/bindings/googleadsensehost.pp=namespaced/Api.Google.AdsenseHost.pp
src/bindings/googlecompute.pp=namespaced/Api.Google.Compute.pp
src/bindings/googlewebfonts.pp=namespaced/Api.Google.WebFonts.pp
src/bindings/googlegroupssettings.pp=namespaced/Api.Google.Groups.Settings.pp
src/bindings/googleserviceregistry.pp=namespaced/Api.Google.ServiceRegistry.pp
src/base/googleclient.pp=namespaced/GoogleApi.Client.pp
{s*:src/base/}=namespaced/
{i+:src/base/}
src/base/googleservice.pp=namespaced/GoogleApi.Service.pp
src/base/googlebase.pp=namespaced/GoogleApi.Base.pp
