src/msgbox.pas=namespaced/FreeVision.Msgbox.pas
{s*:src/}=namespaced/
{i+:src/}
src/timeddlg.pas=namespaced/FreeVision.Timeddlg.pas
src/colorsel.pas=namespaced/FreeVision.Colorsel.pas
src/uhistlist.pas=namespaced/FreeVision.Uhistlist.pas
src/fvconsts.pas=namespaced/FreeVision.Fvconsts.pas
src/utabs.pas=namespaced/FreeVision.Utabs.pas
src/uinplong.pas=namespaced/FreeVision.Uinplong.pas
src/outline.pas=namespaced/FreeVision.Outline.pas
src/uvalidate.pas=namespaced/FreeVision.Uvalidate.pas
src/histlist.pas=namespaced/FreeVision.Histlist.pas
src/tabs.pas=namespaced/FreeVision.Tabs.pas
src/utimeddlg.pas=namespaced/FreeVision.Utimeddlg.pas
src/umenus.pas=namespaced/FreeVision.Umenus.pas
src/ufvcommon.pas=namespaced/FreeVision.Ufvcommon.pas
src/udialogs.pas=namespaced/FreeVision.Udialogs.pas
src/drivers.pas=namespaced/FreeVision.Drivers.pas
src/uviews.pas=namespaced/FreeVision.Uviews.pas
src/views.pas=namespaced/FreeVision.Views.pas
src/fvcommon.pas=namespaced/FreeVision.Fvcommon.pas
src/app.pas=namespaced/FreeVision.App.pas
src/inplong.pas=namespaced/FreeVision.Inplong.pas
src/validate.pas=namespaced/FreeVision.Validate.pas
src/umsgbox.pas=namespaced/FreeVision.Umsgbox.pas
src/buildfv.pas=namespaced/FreeVision.Buildfv.pas
src/uoutline.pas=namespaced/FreeVision.Uoutline.pas
src/dialogs.pas=namespaced/FreeVision.Dialogs.pas
src/udrivers.pas=namespaced/FreeVision.Udrivers.pas
src/uapp.pas=namespaced/FreeVision.Uapp.pas
src/menus.pas=namespaced/FreeVision.Menus.pas
src/sysmsg.pas=namespaced/FreeVision.Sysmsg.pas
src/asciitab.pas=namespaced/FreeVision.Asciitab.pas
src/stddlg.pas=namespaced/FreeVision.Stddlg.pas
src/memory.pas=namespaced/FreeVision.Memory.pas
src/colortxt.pas=namespaced/FreeVision.Colortxt.pas
src/statuses.pas=namespaced/FreeVision.Statuses.pas
src/editors.pas=namespaced/FreeVision.Editors.pas
src/time.pas=namespaced/FreeVision.Time.pas
src/gadgets.pas=namespaced/FreeVision.Gadgets.pas
