src/win32/graph.pp=namespaced/TP.Graph.pp
{s*:src/win32/}=namespaced/
{i+:src/win32/}
src/win32/wincrt.pp=namespaced/TP.Wincrt.pp
src/win32/winmouse.pp=namespaced/TP.Winmouse.pp
src/go32v2/graph.pp=namespaced/TP.Graph.pp
{s*:src/go32v2/}=namespaced/
{i+:src/go32v2/}
src/msdos/graph.pp=namespaced/TP.Graph.pp
{s*:src/msdos/}=namespaced/
{i+:src/msdos/}
src/unix/ggigraph.pp=namespaced/System.Unix.Ggigraph.pp
{s*:src/unix/}=namespaced/
{i+:src/unix/}
src/unix/graph.pp=namespaced/TP.Graph.pp
src/ptcgraph/ptcgraph.pp=namespaced/System.PTC.Ptcgraph.pp
{s*:src/ptcgraph/}=namespaced/
{i+:src/ptcgraph/}
src/ptcgraph/ptcmouse.pp=namespaced/System.PTC.Ptcmouse.pp
src/ptcgraph/ptccrt.pp=namespaced/System.PTC.Ptccrt.pp
src/sdlgraph/sdlgraph.pp=namespaced/System.Sdlgraph.pp
{s*:src/sdlgraph/}=namespaced/
{i+:src/sdlgraph/}
src/macosx/graph.pp=namespaced/TP.Graph.pp
{s*:src/macosx/}=namespaced/
{i+:src/macosx/}
