src/chmfiftimain.pas=namespaced/Chm.FiftiMain.pas
{s*:src/}=namespaced/
{i+:src/}
src/chmwriter.pas=namespaced/Chm.Writer.pas
src/paslzx.pas=namespaced/Chm.Lzx.pas
src/chmbase.pas=namespaced/Chm.Base.pas
src/fasthtmlparser.pas=namespaced/Fcl.FastHtmlParser.pas
src/chmreader.pas=namespaced/Chm.Reader.pas
src/chmspecialfiles.pas=namespaced/Chm.SpecialFiles.pas
src/chmfilewriter.pas=namespaced/Chm.FileWriter.pas
src/itsftransform.pas=namespaced/Chm.ItsFTransform.pas
src/chmsitemap.pas=namespaced/Chm.Sitemap.pas
src/itolitlstypes.pas=namespaced/Chm.ItolItls.Types.pas
src/chmtypes.pas=namespaced/Chm.Types.pas
src/lzxcompressthread.pas=namespaced/Chm.Lzx.CompressThread.pas
src/paslzxcomp.pas=namespaced/Chm.Lzx.Compress.pas
src/itolitlsreader.pas=namespaced/Chm.ItolItls.Reader.pas
src/paslznonslide.pas=namespaced/Chm.Lzx.NonSlide.pas
src/htmlindexer.pas=namespaced/Chm.HtmlIndexer.pas
src/htmlutil.pas=namespaced/Chm.HtmlUtil.pas
