src/shlobj.pp=namespaced/WinApi.Shlobj.pp
{s*:src/}=namespaced/
{i+:src/}
src/richedit.pp=namespaced/WinApi.Richedit.pp
src/eventsink.pp=namespaced/WinApi.Eventsink.pp
src/multimon.pp=namespaced/WinApi.Multimon.pp
src/commdlg.pp=namespaced/WinApi.Commdlg.pp
src/winutils.pp=namespaced/WinApi.Winutils.pp
src/mmsystem.pp=namespaced/WinApi.Mmsystem.pp
src/shlwapi.pp=namespaced/WinApi.Shlwapi.pp
src/imm_dyn.pas=namespaced/WinApi.ImmDyn.pas
src/imm.pas=namespaced/WinApi.Imm.pas
src/winspool.pp=namespaced/WinApi.Winspool.pp
src/ole2.pp=namespaced/WinApi.Ole2.pp
src/shellapi.pp=namespaced/WinApi.Shellapi.pp
src/buildwinutilsbase.pp=namespaced/WinApi.Buildwinutilsbase.pp
src/wininet.pp=namespaced/WinApi.Wininet.pp
src/libkinect10.pp=namespaced/WinApi.Libkinect10.pp
src/oleserver.pp=namespaced/WinApi.Oleserver.pp
src/activex.pp=namespaced/WinApi.Activex.pp
src/nb30.pp=namespaced/WinApi.Nb30.pp
src/urlmon.pp=namespaced/WinApi.Urlmon.pp
src/comserv.pp=namespaced/WinApi.Comserv.pp
src/flatsb.pp=namespaced/WinApi.Flatsb.pp
src/httpapi.pp=namespaced/WinApi.Httpapi.pp
src/shfolder.pp=namespaced/WinApi.Shfolder.pp
src/winhttp.pp=namespaced/WinApi.Winhttp.pp
src/htmlhelp.pp=namespaced/WinApi.Htmlhelp.pp
src/imagehlp.pp=namespaced/WinApi.Imagehlp.pp
src/typelib.pas=namespaced/WinApi.Typelib.pas
src/dwmapi.pp=namespaced/WinApi.Dwmapi.pp
src/commctrl.pp=namespaced/WinApi.Commctrl.pp
src/winver.pp=namespaced/WinApi.Winver.pp
src/stdole2.pas=namespaced/WinApi.Stdole2.pas
src/comconst.pp=namespaced/WinApi.Comconst.pp
src/uxtheme.pp=namespaced/WinApi.Uxtheme.pp
src/comobj.pp=namespaced/WinApi.Comobj.pp
